[2025-11-03T03:40:22.995+0000] {local_task_job_runner.py:120} INFO - ::group::Pre task execution logs
[2025-11-03T03:40:30.706+0000] {taskinstance.py:2073} INFO - Dependencies all met for dep_context=non-requeueable deps ti=<TaskInstance: metal_price_dags.extract_task scheduled__2025-11-03T03:15:00+00:00 [queued]>
[2025-11-03T03:40:30.723+0000] {taskinstance.py:2073} INFO - Dependencies all met for dep_context=requeueable deps ti=<TaskInstance: metal_price_dags.extract_task scheduled__2025-11-03T03:15:00+00:00 [queued]>
[2025-11-03T03:40:30.724+0000] {taskinstance.py:2303} INFO - Starting attempt 1 of 4
[2025-11-03T03:40:30.750+0000] {taskinstance.py:2327} INFO - Executing <Task(PythonOperator): extract_task> on 2025-11-03 03:15:00+00:00
[2025-11-03T03:40:30.764+0000] {standard_task_runner.py:90} INFO - Running: ['***', 'tasks', 'run', 'metal_price_dags', 'extract_task', 'scheduled__2025-11-03T03:15:00+00:00', '--job-id', '3', '--raw', '--subdir', 'DAGS_FOLDER/metal_price_dags.py', '--cfg-path', '/tmp/tmp1kyg5ybx']
[2025-11-03T03:40:30.770+0000] {standard_task_runner.py:91} INFO - Job 3: Subtask extract_task
[2025-11-03T03:40:30.771+0000] {logging_mixin.py:188} WARNING - /home/***/.local/lib/python3.12/site-packages/***/task/task_runner/standard_task_runner.py:61 DeprecationWarning: This process (pid=175) is multi-threaded, use of fork() may lead to deadlocks in the child.
[2025-11-03T03:40:30.772+0000] {standard_task_runner.py:63} INFO - Started process 182 to run task
[2025-11-03T03:40:30.854+0000] {task_command.py:426} INFO - Running <TaskInstance: metal_price_dags.extract_task scheduled__2025-11-03T03:15:00+00:00 [running]> on host f3a030ef18f3
[2025-11-03T03:40:31.012+0000] {taskinstance.py:2644} INFO - Exporting env vars: AIRFLOW_CTX_DAG_OWNER='***' AIRFLOW_CTX_DAG_ID='metal_price_dags' AIRFLOW_CTX_TASK_ID='extract_task' AIRFLOW_CTX_EXECUTION_DATE='2025-11-03T03:15:00+00:00' AIRFLOW_CTX_TRY_NUMBER='1' AIRFLOW_CTX_DAG_RUN_ID='scheduled__2025-11-03T03:15:00+00:00'
[2025-11-03T03:40:31.013+0000] {taskinstance.py:430} INFO - ::endgroup::
[2025-11-03T03:40:31.180+0000] {base.py:84} INFO - Using connection ID 'exchange_rate_api' for task execution.
[2025-11-03T03:40:31.213+0000] {base.py:84} INFO - Using connection ID 'metal_api' for task execution.
[2025-11-03T03:40:31.214+0000] {extract.py:10} INFO - Extracting XAU prices in USD
[2025-11-03T03:40:33.412+0000] {extract.py:22} INFO - Extraction completed
[2025-11-03T03:40:33.413+0000] {python.py:237} INFO - Done. Returned value was: None
[2025-11-03T03:40:33.415+0000] {taskinstance.py:441} INFO - ::group::Post task execution logs
[2025-11-03T03:40:33.440+0000] {taskinstance.py:1205} INFO - Marking task as SUCCESS. dag_id=metal_price_dags, task_id=extract_task, execution_date=20251103T031500, start_date=20251103T034030, end_date=20251103T034033
[2025-11-03T03:40:34.238+0000] {local_task_job_runner.py:240} INFO - Task exited with return code 0
[2025-11-03T03:40:34.297+0000] {taskinstance.py:3482} INFO - 1 downstream tasks scheduled from follow-on schedule check
[2025-11-03T03:40:34.308+0000] {local_task_job_runner.py:222} INFO - ::endgroup::
