[2025-11-03T03:58:32.244+0000] {local_task_job_runner.py:120} INFO - ::group::Pre task execution logs
[2025-11-03T03:58:32.686+0000] {taskinstance.py:2073} INFO - Dependencies all met for dep_context=non-requeueable deps ti=<TaskInstance: metal_price_dags.load_task manual__2025-11-03T03:58:03.165493+00:00 [queued]>
[2025-11-03T03:58:32.696+0000] {taskinstance.py:2073} INFO - Dependencies all met for dep_context=requeueable deps ti=<TaskInstance: metal_price_dags.load_task manual__2025-11-03T03:58:03.165493+00:00 [queued]>
[2025-11-03T03:58:32.696+0000] {taskinstance.py:2303} INFO - Starting attempt 2 of 4
[2025-11-03T03:58:32.716+0000] {taskinstance.py:2327} INFO - Executing <Task(PythonOperator): load_task> on 2025-11-03 03:58:03.165493+00:00
[2025-11-03T03:58:32.741+0000] {logging_mixin.py:188} WARNING - /home/***/.local/lib/python3.12/site-packages/***/task/task_runner/standard_task_runner.py:61 DeprecationWarning: This process (pid=489) is multi-threaded, use of fork() may lead to deadlocks in the child.
[2025-11-03T03:58:32.751+0000] {standard_task_runner.py:63} INFO - Started process 491 to run task
[2025-11-03T03:58:32.743+0000] {standard_task_runner.py:90} INFO - Running: ['***', 'tasks', 'run', 'metal_price_dags', 'load_task', 'manual__2025-11-03T03:58:03.165493+00:00', '--job-id', '41', '--raw', '--subdir', 'DAGS_FOLDER/metal_price_dags.py', '--cfg-path', '/tmp/tmppwehwz5s']
[2025-11-03T03:58:32.757+0000] {standard_task_runner.py:91} INFO - Job 41: Subtask load_task
[2025-11-03T03:58:33.066+0000] {task_command.py:426} INFO - Running <TaskInstance: metal_price_dags.load_task manual__2025-11-03T03:58:03.165493+00:00 [running]> on host f3a030ef18f3
[2025-11-03T03:58:33.194+0000] {taskinstance.py:2644} INFO - Exporting env vars: AIRFLOW_CTX_DAG_OWNER='***' AIRFLOW_CTX_DAG_ID='metal_price_dags' AIRFLOW_CTX_TASK_ID='load_task' AIRFLOW_CTX_EXECUTION_DATE='2025-11-03T03:58:03.165493+00:00' AIRFLOW_CTX_TRY_NUMBER='2' AIRFLOW_CTX_DAG_RUN_ID='manual__2025-11-03T03:58:03.165493+00:00'
[2025-11-03T03:58:33.196+0000] {taskinstance.py:430} INFO - ::endgroup::
[2025-11-03T03:58:33.211+0000] {load.py:5} INFO - Loading data into database
[2025-11-03T03:58:33.241+0000] {taskinstance.py:441} INFO - ::group::Post task execution logs
[2025-11-03T03:58:33.252+0000] {taskinstance.py:2890} ERROR - Task failed with exception
Traceback (most recent call last):
  File "/home/airflow/.local/lib/python3.12/site-packages/airflow/models/taskinstance.py", line 465, in _execute_task
    result = _execute_callable(context=context, **execute_callable_kwargs)
             ^^^^^^^^^^^^^^^^^^^^^^^^^^^^^^^^^^^^^^^^^^^^^^^^^^^^^^^^^^^^^
  File "/home/airflow/.local/lib/python3.12/site-packages/airflow/models/taskinstance.py", line 432, in _execute_callable
    return execute_callable(context=context, **execute_callable_kwargs)
           ^^^^^^^^^^^^^^^^^^^^^^^^^^^^^^^^^^^^^^^^^^^^^^^^^^^^^^^^^^^^
  File "/home/airflow/.local/lib/python3.12/site-packages/airflow/models/baseoperator.py", line 400, in wrapper
    return func(self, *args, **kwargs)
           ^^^^^^^^^^^^^^^^^^^^^^^^^^^
  File "/home/airflow/.local/lib/python3.12/site-packages/airflow/operators/python.py", line 235, in execute
    return_value = self.execute_callable()
                   ^^^^^^^^^^^^^^^^^^^^^^^
  File "/home/airflow/.local/lib/python3.12/site-packages/airflow/operators/python.py", line 252, in execute_callable
    return self.python_callable(*self.op_args, **self.op_kwargs)
           ^^^^^^^^^^^^^^^^^^^^^^^^^^^^^^^^^^^^^^^^^^^^^^^^^^^^^
  File "/opt/airflow/src/load.py", line 10, in load_data
    conn = hook.get_conn()
           ^^^^^^^^^^^^^^^
  File "/home/airflow/.local/lib/python3.12/site-packages/airflow/providers/postgres/hooks/postgres.py", line 131, in get_conn
    conn = deepcopy(self.connection or self.get_connection(conn_id))
                                       ^^^^^^^^^^^^^^^^^^^^^^^^^^^^
  File "/home/airflow/.local/lib/python3.12/site-packages/airflow/hooks/base.py", line 83, in get_connection
    conn = Connection.get_connection_from_secrets(conn_id)
           ^^^^^^^^^^^^^^^^^^^^^^^^^^^^^^^^^^^^^^^^^^^^^^^
  File "/home/airflow/.local/lib/python3.12/site-packages/airflow/models/connection.py", line 519, in get_connection_from_secrets
    raise AirflowNotFoundException(f"The conn_id `{conn_id}` isn't defined")
airflow.exceptions.AirflowNotFoundException: The conn_id `my_postgres` isn't defined
[2025-11-03T03:58:33.259+0000] {taskinstance.py:1205} INFO - Marking task as UP_FOR_RETRY. dag_id=metal_price_dags, task_id=load_task, execution_date=20251103T035803, start_date=20251103T035832, end_date=20251103T035833
[2025-11-03T03:58:33.274+0000] {standard_task_runner.py:110} ERROR - Failed to execute job 41 for task load_task (The conn_id `my_postgres` isn't defined; 491)
[2025-11-03T03:58:33.318+0000] {local_task_job_runner.py:240} INFO - Task exited with return code 1
[2025-11-03T03:58:33.337+0000] {taskinstance.py:3482} INFO - 0 downstream tasks scheduled from follow-on schedule check
[2025-11-03T03:58:33.341+0000] {local_task_job_runner.py:222} INFO - ::endgroup::
