[2025-11-03T03:47:09.660+0000] {local_task_job_runner.py:120} INFO - ::group::Pre task execution logs
[2025-11-03T03:47:09.909+0000] {taskinstance.py:2073} INFO - Dependencies all met for dep_context=non-requeueable deps ti=<TaskInstance: metal_price_dags.extract_task manual__2025-11-03T03:46:40.126092+00:00 [queued]>
[2025-11-03T03:47:09.918+0000] {taskinstance.py:2073} INFO - Dependencies all met for dep_context=requeueable deps ti=<TaskInstance: metal_price_dags.extract_task manual__2025-11-03T03:46:40.126092+00:00 [queued]>
[2025-11-03T03:47:09.918+0000] {taskinstance.py:2303} INFO - Starting attempt 3 of 4
[2025-11-03T03:47:09.934+0000] {taskinstance.py:2327} INFO - Executing <Task(PythonOperator): extract_task> on 2025-11-03 03:46:40.126092+00:00
[2025-11-03T03:47:09.943+0000] {standard_task_runner.py:90} INFO - Running: ['***', 'tasks', 'run', 'metal_price_dags', 'extract_task', 'manual__2025-11-03T03:46:40.126092+00:00', '--job-id', '20', '--raw', '--subdir', 'DAGS_FOLDER/metal_price_dags.py', '--cfg-path', '/tmp/tmpmj2bv9q2']
[2025-11-03T03:47:09.946+0000] {standard_task_runner.py:91} INFO - Job 20: Subtask extract_task
[2025-11-03T03:47:09.946+0000] {logging_mixin.py:188} WARNING - /home/***/.local/lib/python3.12/site-packages/***/task/task_runner/standard_task_runner.py:61 DeprecationWarning: This process (pid=300) is multi-threaded, use of fork() may lead to deadlocks in the child.
[2025-11-03T03:47:09.947+0000] {standard_task_runner.py:63} INFO - Started process 302 to run task
[2025-11-03T03:47:10.007+0000] {task_command.py:426} INFO - Running <TaskInstance: metal_price_dags.extract_task manual__2025-11-03T03:46:40.126092+00:00 [running]> on host f3a030ef18f3
[2025-11-03T03:47:10.168+0000] {taskinstance.py:2644} INFO - Exporting env vars: AIRFLOW_CTX_DAG_OWNER='***' AIRFLOW_CTX_DAG_ID='metal_price_dags' AIRFLOW_CTX_TASK_ID='extract_task' AIRFLOW_CTX_EXECUTION_DATE='2025-11-03T03:46:40.126092+00:00' AIRFLOW_CTX_TRY_NUMBER='3' AIRFLOW_CTX_DAG_RUN_ID='manual__2025-11-03T03:46:40.126092+00:00'
[2025-11-03T03:47:10.170+0000] {taskinstance.py:430} INFO - ::endgroup::
[2025-11-03T03:47:10.230+0000] {base.py:84} INFO - Using connection ID 'exchange_rate_api' for task execution.
[2025-11-03T03:47:10.247+0000] {base.py:84} INFO - Using connection ID 'metal_api' for task execution.
[2025-11-03T03:47:10.247+0000] {extract.py:13} INFO - Extracting XAU prices in USD
[2025-11-03T03:47:10.248+0000] {extract.py:18} INFO - Metal API URL: https://www.goldapi.io/api/XAU/USD
[2025-11-03T03:47:10.248+0000] {extract.py:19} INFO - Exchange rate API URL: https://v6.exchangerate-api.com/v6/***/latest/USD
[2025-11-03T03:47:11.638+0000] {extract.py:31} ERROR - Unexpected metal API response: {'error': 'No API Key provided'}
[2025-11-03T03:47:11.639+0000] {taskinstance.py:441} INFO - ::group::Post task execution logs
[2025-11-03T03:47:11.640+0000] {taskinstance.py:2890} ERROR - Task failed with exception
Traceback (most recent call last):
  File "/home/airflow/.local/lib/python3.12/site-packages/airflow/models/taskinstance.py", line 465, in _execute_task
    result = _execute_callable(context=context, **execute_callable_kwargs)
             ^^^^^^^^^^^^^^^^^^^^^^^^^^^^^^^^^^^^^^^^^^^^^^^^^^^^^^^^^^^^^
  File "/home/airflow/.local/lib/python3.12/site-packages/airflow/models/taskinstance.py", line 432, in _execute_callable
    return execute_callable(context=context, **execute_callable_kwargs)
           ^^^^^^^^^^^^^^^^^^^^^^^^^^^^^^^^^^^^^^^^^^^^^^^^^^^^^^^^^^^^
  File "/home/airflow/.local/lib/python3.12/site-packages/airflow/models/baseoperator.py", line 400, in wrapper
    return func(self, *args, **kwargs)
           ^^^^^^^^^^^^^^^^^^^^^^^^^^^
  File "/home/airflow/.local/lib/python3.12/site-packages/airflow/operators/python.py", line 235, in execute
    return_value = self.execute_callable()
                   ^^^^^^^^^^^^^^^^^^^^^^^
  File "/home/airflow/.local/lib/python3.12/site-packages/airflow/operators/python.py", line 252, in execute_callable
    return self.python_callable(*self.op_args, **self.op_kwargs)
           ^^^^^^^^^^^^^^^^^^^^^^^^^^^^^^^^^^^^^^^^^^^^^^^^^^^^^
  File "/opt/airflow/src/extract.py", line 32, in extract_data
    raise ValueError("Metal API did not return expected data.")
ValueError: Metal API did not return expected data.
[2025-11-03T03:47:11.659+0000] {taskinstance.py:1205} INFO - Marking task as UP_FOR_RETRY. dag_id=metal_price_dags, task_id=extract_task, execution_date=20251103T034640, start_date=20251103T034709, end_date=20251103T034711
[2025-11-03T03:47:11.679+0000] {standard_task_runner.py:110} ERROR - Failed to execute job 20 for task extract_task (Metal API did not return expected data.; 302)
[2025-11-03T03:47:11.702+0000] {local_task_job_runner.py:240} INFO - Task exited with return code 1
[2025-11-03T03:47:11.732+0000] {taskinstance.py:3482} INFO - 0 downstream tasks scheduled from follow-on schedule check
[2025-11-03T03:47:11.737+0000] {local_task_job_runner.py:222} INFO - ::endgroup::
