[2025-11-03T04:07:32.009+0000] {local_task_job_runner.py:120} INFO - ::group::Pre task execution logs
[2025-11-03T04:07:32.306+0000] {taskinstance.py:2073} INFO - Dependencies all met for dep_context=non-requeueable deps ti=<TaskInstance: metal_price_dags.load_task manual__2025-11-03T04:07:21.753621+00:00 [queued]>
[2025-11-03T04:07:32.317+0000] {taskinstance.py:2073} INFO - Dependencies all met for dep_context=requeueable deps ti=<TaskInstance: metal_price_dags.load_task manual__2025-11-03T04:07:21.753621+00:00 [queued]>
[2025-11-03T04:07:32.318+0000] {taskinstance.py:2303} INFO - Starting attempt 1 of 1
[2025-11-03T04:07:32.336+0000] {taskinstance.py:2327} INFO - Executing <Task(PythonOperator): load_task> on 2025-11-03 04:07:21.753621+00:00
[2025-11-03T04:07:32.347+0000] {logging_mixin.py:188} WARNING - /home/***/.local/lib/python3.12/site-packages/***/task/task_runner/standard_task_runner.py:61 DeprecationWarning: This process (pid=645) is multi-threaded, use of fork() may lead to deadlocks in the child.
[2025-11-03T04:07:32.349+0000] {standard_task_runner.py:63} INFO - Started process 647 to run task
[2025-11-03T04:07:32.347+0000] {standard_task_runner.py:90} INFO - Running: ['***', 'tasks', 'run', 'metal_price_dags', 'load_task', 'manual__2025-11-03T04:07:21.753621+00:00', '--job-id', '59', '--raw', '--subdir', 'DAGS_FOLDER/metal_price_dags.py', '--cfg-path', '/tmp/tmp2l7lozoq']
[2025-11-03T04:07:32.350+0000] {standard_task_runner.py:91} INFO - Job 59: Subtask load_task
[2025-11-03T04:07:32.428+0000] {task_command.py:426} INFO - Running <TaskInstance: metal_price_dags.load_task manual__2025-11-03T04:07:21.753621+00:00 [running]> on host f3a030ef18f3
[2025-11-03T04:07:32.544+0000] {taskinstance.py:2644} INFO - Exporting env vars: AIRFLOW_CTX_DAG_OWNER='***' AIRFLOW_CTX_DAG_ID='metal_price_dags' AIRFLOW_CTX_TASK_ID='load_task' AIRFLOW_CTX_EXECUTION_DATE='2025-11-03T04:07:21.753621+00:00' AIRFLOW_CTX_TRY_NUMBER='1' AIRFLOW_CTX_DAG_RUN_ID='manual__2025-11-03T04:07:21.753621+00:00'
[2025-11-03T04:07:32.545+0000] {taskinstance.py:430} INFO - ::endgroup::
[2025-11-03T04:07:32.562+0000] {load.py:5} INFO - Loading data into database
[2025-11-03T04:07:32.609+0000] {base.py:84} INFO - Using connection ID 'my_postgres' for task execution.
[2025-11-03T04:07:32.632+0000] {taskinstance.py:441} INFO - ::group::Post task execution logs
[2025-11-03T04:07:32.635+0000] {taskinstance.py:2890} ERROR - Task failed with exception
Traceback (most recent call last):
  File "/home/airflow/.local/lib/python3.12/site-packages/airflow/models/taskinstance.py", line 465, in _execute_task
    result = _execute_callable(context=context, **execute_callable_kwargs)
             ^^^^^^^^^^^^^^^^^^^^^^^^^^^^^^^^^^^^^^^^^^^^^^^^^^^^^^^^^^^^^
  File "/home/airflow/.local/lib/python3.12/site-packages/airflow/models/taskinstance.py", line 432, in _execute_callable
    return execute_callable(context=context, **execute_callable_kwargs)
           ^^^^^^^^^^^^^^^^^^^^^^^^^^^^^^^^^^^^^^^^^^^^^^^^^^^^^^^^^^^^
  File "/home/airflow/.local/lib/python3.12/site-packages/airflow/models/baseoperator.py", line 400, in wrapper
    return func(self, *args, **kwargs)
           ^^^^^^^^^^^^^^^^^^^^^^^^^^^
  File "/home/airflow/.local/lib/python3.12/site-packages/airflow/operators/python.py", line 235, in execute
    return_value = self.execute_callable()
                   ^^^^^^^^^^^^^^^^^^^^^^^
  File "/home/airflow/.local/lib/python3.12/site-packages/airflow/operators/python.py", line 252, in execute_callable
    return self.python_callable(*self.op_args, **self.op_kwargs)
           ^^^^^^^^^^^^^^^^^^^^^^^^^^^^^^^^^^^^^^^^^^^^^^^^^^^^^
  File "/opt/airflow/src/load.py", line 22, in load_data
    cursor.execute(query, clean_data)
psycopg2.errors.InvalidColumnReference: there is no unique or exclusion constraint matching the ON CONFLICT specification

[2025-11-03T04:07:32.662+0000] {taskinstance.py:1205} INFO - Marking task as FAILED. dag_id=metal_price_dags, task_id=load_task, execution_date=20251103T040721, start_date=20251103T040732, end_date=20251103T040732
[2025-11-03T04:07:32.700+0000] {standard_task_runner.py:110} ERROR - Failed to execute job 59 for task load_task (there is no unique or exclusion constraint matching the ON CONFLICT specification
; 647)
[2025-11-03T04:07:32.728+0000] {local_task_job_runner.py:240} INFO - Task exited with return code 1
[2025-11-03T04:07:32.753+0000] {taskinstance.py:3482} INFO - 0 downstream tasks scheduled from follow-on schedule check
[2025-11-03T04:07:32.758+0000] {local_task_job_runner.py:222} INFO - ::endgroup::
