[2025-11-03T03:40:44.906+0000] {local_task_job_runner.py:120} INFO - ::group::Pre task execution logs
[2025-11-03T03:40:45.106+0000] {taskinstance.py:2073} INFO - Dependencies all met for dep_context=non-requeueable deps ti=<TaskInstance: metal_price_dags.transform_task manual__2025-11-03T03:39:57.640567+00:00 [queued]>
[2025-11-03T03:40:45.114+0000] {taskinstance.py:2073} INFO - Dependencies all met for dep_context=requeueable deps ti=<TaskInstance: metal_price_dags.transform_task manual__2025-11-03T03:39:57.640567+00:00 [queued]>
[2025-11-03T03:40:45.115+0000] {taskinstance.py:2303} INFO - Starting attempt 2 of 4
[2025-11-03T03:40:45.130+0000] {taskinstance.py:2327} INFO - Executing <Task(PythonOperator): transform_task> on 2025-11-03 03:39:57.640567+00:00
[2025-11-03T03:40:45.141+0000] {standard_task_runner.py:90} INFO - Running: ['***', 'tasks', 'run', 'metal_price_dags', 'transform_task', 'manual__2025-11-03T03:39:57.640567+00:00', '--job-id', '7', '--raw', '--subdir', 'DAGS_FOLDER/metal_price_dags.py', '--cfg-path', '/tmp/tmptjr50xxc']
[2025-11-03T03:40:45.144+0000] {standard_task_runner.py:91} INFO - Job 7: Subtask transform_task
[2025-11-03T03:40:45.144+0000] {logging_mixin.py:188} WARNING - /home/***/.local/lib/python3.12/site-packages/***/task/task_runner/standard_task_runner.py:61 DeprecationWarning: This process (pid=189) is multi-threaded, use of fork() may lead to deadlocks in the child.
[2025-11-03T03:40:45.144+0000] {standard_task_runner.py:63} INFO - Started process 191 to run task
[2025-11-03T03:40:45.213+0000] {task_command.py:426} INFO - Running <TaskInstance: metal_price_dags.transform_task manual__2025-11-03T03:39:57.640567+00:00 [running]> on host f3a030ef18f3
[2025-11-03T03:40:45.343+0000] {taskinstance.py:2644} INFO - Exporting env vars: AIRFLOW_CTX_DAG_OWNER='***' AIRFLOW_CTX_DAG_ID='metal_price_dags' AIRFLOW_CTX_TASK_ID='transform_task' AIRFLOW_CTX_EXECUTION_DATE='2025-11-03T03:39:57.640567+00:00' AIRFLOW_CTX_TRY_NUMBER='2' AIRFLOW_CTX_DAG_RUN_ID='manual__2025-11-03T03:39:57.640567+00:00'
[2025-11-03T03:40:45.345+0000] {taskinstance.py:430} INFO - ::endgroup::
[2025-11-03T03:40:45.401+0000] {taskinstance.py:441} INFO - ::group::Post task execution logs
[2025-11-03T03:40:45.402+0000] {taskinstance.py:2890} ERROR - Task failed with exception
Traceback (most recent call last):
  File "/home/airflow/.local/lib/python3.12/site-packages/airflow/models/taskinstance.py", line 465, in _execute_task
    result = _execute_callable(context=context, **execute_callable_kwargs)
             ^^^^^^^^^^^^^^^^^^^^^^^^^^^^^^^^^^^^^^^^^^^^^^^^^^^^^^^^^^^^^
  File "/home/airflow/.local/lib/python3.12/site-packages/airflow/models/taskinstance.py", line 432, in _execute_callable
    return execute_callable(context=context, **execute_callable_kwargs)
           ^^^^^^^^^^^^^^^^^^^^^^^^^^^^^^^^^^^^^^^^^^^^^^^^^^^^^^^^^^^^
  File "/home/airflow/.local/lib/python3.12/site-packages/airflow/models/baseoperator.py", line 400, in wrapper
    return func(self, *args, **kwargs)
           ^^^^^^^^^^^^^^^^^^^^^^^^^^^
  File "/home/airflow/.local/lib/python3.12/site-packages/airflow/operators/python.py", line 235, in execute
    return_value = self.execute_callable()
                   ^^^^^^^^^^^^^^^^^^^^^^^
  File "/home/airflow/.local/lib/python3.12/site-packages/airflow/operators/python.py", line 252, in execute_callable
    return self.python_callable(*self.op_args, **self.op_kwargs)
           ^^^^^^^^^^^^^^^^^^^^^^^^^^^^^^^^^^^^^^^^^^^^^^^^^^^^^
  File "/opt/airflow/src/transform.py", line 9, in transform_data
    raw_data["timestamp"] = datetime.fromtimestamp(raw_data["timestamp"])
                                                   ~~~~~~~~^^^^^^^^^^^^^
KeyError: 'timestamp'
[2025-11-03T03:40:45.418+0000] {taskinstance.py:1205} INFO - Marking task as UP_FOR_RETRY. dag_id=metal_price_dags, task_id=transform_task, execution_date=20251103T033957, start_date=20251103T034045, end_date=20251103T034045
[2025-11-03T03:40:45.436+0000] {standard_task_runner.py:110} ERROR - Failed to execute job 7 for task transform_task ('timestamp'; 191)
[2025-11-03T03:40:45.483+0000] {local_task_job_runner.py:240} INFO - Task exited with return code 1
[2025-11-03T03:40:45.510+0000] {taskinstance.py:3482} INFO - 0 downstream tasks scheduled from follow-on schedule check
[2025-11-03T03:40:45.515+0000] {local_task_job_runner.py:222} INFO - ::endgroup::
