[2025-11-03T04:05:21.788+0000] {local_task_job_runner.py:120} INFO - ::group::Pre task execution logs
[2025-11-03T04:05:22.118+0000] {taskinstance.py:2073} INFO - Dependencies all met for dep_context=non-requeueable deps ti=<TaskInstance: metal_price_dags.load_task manual__2025-11-03T04:04:29.800537+00:00 [queued]>
[2025-11-03T04:05:22.129+0000] {taskinstance.py:2073} INFO - Dependencies all met for dep_context=requeueable deps ti=<TaskInstance: metal_price_dags.load_task manual__2025-11-03T04:04:29.800537+00:00 [queued]>
[2025-11-03T04:05:22.130+0000] {taskinstance.py:2303} INFO - Starting attempt 3 of 4
[2025-11-03T04:05:22.149+0000] {taskinstance.py:2327} INFO - Executing <Task(PythonOperator): load_task> on 2025-11-03 04:04:29.800537+00:00
[2025-11-03T04:05:22.164+0000] {logging_mixin.py:188} WARNING - /home/***/.local/lib/python3.12/site-packages/***/task/task_runner/standard_task_runner.py:61 DeprecationWarning: This process (pid=606) is multi-threaded, use of fork() may lead to deadlocks in the child.
[2025-11-03T04:05:22.167+0000] {standard_task_runner.py:63} INFO - Started process 609 to run task
[2025-11-03T04:05:22.165+0000] {standard_task_runner.py:90} INFO - Running: ['***', 'tasks', 'run', 'metal_price_dags', 'load_task', 'manual__2025-11-03T04:04:29.800537+00:00', '--job-id', '54', '--raw', '--subdir', 'DAGS_FOLDER/metal_price_dags.py', '--cfg-path', '/tmp/tmprzypa85k']
[2025-11-03T04:05:22.169+0000] {standard_task_runner.py:91} INFO - Job 54: Subtask load_task
[2025-11-03T04:05:22.238+0000] {task_command.py:426} INFO - Running <TaskInstance: metal_price_dags.load_task manual__2025-11-03T04:04:29.800537+00:00 [running]> on host f3a030ef18f3
[2025-11-03T04:05:22.370+0000] {taskinstance.py:2644} INFO - Exporting env vars: AIRFLOW_CTX_DAG_OWNER='***' AIRFLOW_CTX_DAG_ID='metal_price_dags' AIRFLOW_CTX_TASK_ID='load_task' AIRFLOW_CTX_EXECUTION_DATE='2025-11-03T04:04:29.800537+00:00' AIRFLOW_CTX_TRY_NUMBER='3' AIRFLOW_CTX_DAG_RUN_ID='manual__2025-11-03T04:04:29.800537+00:00'
[2025-11-03T04:05:22.371+0000] {taskinstance.py:430} INFO - ::endgroup::
[2025-11-03T04:05:22.388+0000] {load.py:5} INFO - Loading data into database
[2025-11-03T04:05:22.430+0000] {base.py:84} INFO - Using connection ID 'my_postgres' for task execution.
[2025-11-03T04:05:26.338+0000] {taskinstance.py:441} INFO - ::group::Post task execution logs
[2025-11-03T04:05:26.340+0000] {taskinstance.py:2890} ERROR - Task failed with exception
Traceback (most recent call last):
  File "/home/airflow/.local/lib/python3.12/site-packages/airflow/models/taskinstance.py", line 465, in _execute_task
    result = _execute_callable(context=context, **execute_callable_kwargs)
             ^^^^^^^^^^^^^^^^^^^^^^^^^^^^^^^^^^^^^^^^^^^^^^^^^^^^^^^^^^^^^
  File "/home/airflow/.local/lib/python3.12/site-packages/airflow/models/taskinstance.py", line 432, in _execute_callable
    return execute_callable(context=context, **execute_callable_kwargs)
           ^^^^^^^^^^^^^^^^^^^^^^^^^^^^^^^^^^^^^^^^^^^^^^^^^^^^^^^^^^^^
  File "/home/airflow/.local/lib/python3.12/site-packages/airflow/models/baseoperator.py", line 400, in wrapper
    return func(self, *args, **kwargs)
           ^^^^^^^^^^^^^^^^^^^^^^^^^^^
  File "/home/airflow/.local/lib/python3.12/site-packages/airflow/operators/python.py", line 235, in execute
    return_value = self.execute_callable()
                   ^^^^^^^^^^^^^^^^^^^^^^^
  File "/home/airflow/.local/lib/python3.12/site-packages/airflow/operators/python.py", line 252, in execute_callable
    return self.python_callable(*self.op_args, **self.op_kwargs)
           ^^^^^^^^^^^^^^^^^^^^^^^^^^^^^^^^^^^^^^^^^^^^^^^^^^^^^
  File "/opt/airflow/src/load.py", line 10, in load_data
    conn = hook.get_conn()
           ^^^^^^^^^^^^^^^
  File "/home/airflow/.local/lib/python3.12/site-packages/airflow/providers/postgres/hooks/postgres.py", line 161, in get_conn
    self.conn = psycopg2.connect(**conn_args)
                ^^^^^^^^^^^^^^^^^^^^^^^^^^^^^
  File "/home/airflow/.local/lib/python3.12/site-packages/psycopg2/__init__.py", line 122, in connect
    conn = _connect(dsn, connection_factory=connection_factory, **kwasync)
           ^^^^^^^^^^^^^^^^^^^^^^^^^^^^^^^^^^^^^^^^^^^^^^^^^^^^^^^^^^^^^^^
psycopg2.OperationalError: could not translate host name "***" to address: Name or service not known

[2025-11-03T04:05:26.357+0000] {taskinstance.py:1205} INFO - Marking task as UP_FOR_RETRY. dag_id=metal_price_dags, task_id=load_task, execution_date=20251103T040429, start_date=20251103T040522, end_date=20251103T040526
[2025-11-03T04:05:26.378+0000] {standard_task_runner.py:110} ERROR - Failed to execute job 54 for task load_task (could not translate host name "***" to address: Name or service not known
; 609)
[2025-11-03T04:05:26.418+0000] {local_task_job_runner.py:240} INFO - Task exited with return code 1
[2025-11-03T04:05:26.448+0000] {taskinstance.py:3482} INFO - 0 downstream tasks scheduled from follow-on schedule check
[2025-11-03T04:05:26.456+0000] {local_task_job_runner.py:222} INFO - ::endgroup::
