[2025-11-03T04:10:29.533+0000] {local_task_job_runner.py:120} INFO - ::group::Pre task execution logs
[2025-11-03T04:10:33.260+0000] {taskinstance.py:2073} INFO - Dependencies all met for dep_context=non-requeueable deps ti=<TaskInstance: metal_price_dags.load_task manual__2025-11-03T04:04:29.800537+00:00 [queued]>
[2025-11-03T04:10:33.284+0000] {taskinstance.py:2073} INFO - Dependencies all met for dep_context=requeueable deps ti=<TaskInstance: metal_price_dags.load_task manual__2025-11-03T04:04:29.800537+00:00 [queued]>
[2025-11-03T04:10:33.284+0000] {taskinstance.py:2303} INFO - Starting attempt 4 of 4
[2025-11-03T04:10:33.307+0000] {taskinstance.py:2327} INFO - Executing <Task(PythonOperator): load_task> on 2025-11-03 04:04:29.800537+00:00
[2025-11-03T04:10:33.487+0000] {logging_mixin.py:188} WARNING - /home/***/.local/lib/python3.12/site-packages/***/task/task_runner/standard_task_runner.py:61 DeprecationWarning: This process (pid=696) is multi-threaded, use of fork() may lead to deadlocks in the child.
[2025-11-03T04:10:33.493+0000] {standard_task_runner.py:63} INFO - Started process 700 to run task
[2025-11-03T04:10:33.496+0000] {standard_task_runner.py:90} INFO - Running: ['***', 'tasks', 'run', 'metal_price_dags', 'load_task', 'manual__2025-11-03T04:04:29.800537+00:00', '--job-id', '64', '--raw', '--subdir', 'DAGS_FOLDER/metal_price_dags.py', '--cfg-path', '/tmp/tmp6xvhh0vj']
[2025-11-03T04:10:33.507+0000] {standard_task_runner.py:91} INFO - Job 64: Subtask load_task
[2025-11-03T04:10:34.078+0000] {task_command.py:426} INFO - Running <TaskInstance: metal_price_dags.load_task manual__2025-11-03T04:04:29.800537+00:00 [running]> on host f3a030ef18f3
[2025-11-03T04:10:35.454+0000] {taskinstance.py:2644} INFO - Exporting env vars: AIRFLOW_CTX_DAG_OWNER='***' AIRFLOW_CTX_DAG_ID='metal_price_dags' AIRFLOW_CTX_TASK_ID='load_task' AIRFLOW_CTX_EXECUTION_DATE='2025-11-03T04:04:29.800537+00:00' AIRFLOW_CTX_TRY_NUMBER='4' AIRFLOW_CTX_DAG_RUN_ID='manual__2025-11-03T04:04:29.800537+00:00'
[2025-11-03T04:10:35.455+0000] {taskinstance.py:430} INFO - ::endgroup::
[2025-11-03T04:10:35.598+0000] {load.py:5} INFO - Loading data into database
[2025-11-03T04:10:35.764+0000] {base.py:84} INFO - Using connection ID 'my_postgres' for task execution.
[2025-11-03T04:10:35.863+0000] {load.py:25} INFO - Data loaded successfully
[2025-11-03T04:10:35.864+0000] {python.py:237} INFO - Done. Returned value was: None
[2025-11-03T04:10:35.864+0000] {taskinstance.py:441} INFO - ::group::Post task execution logs
[2025-11-03T04:10:35.887+0000] {taskinstance.py:1205} INFO - Marking task as SUCCESS. dag_id=metal_price_dags, task_id=load_task, execution_date=20251103T040429, start_date=20251103T041033, end_date=20251103T041035
[2025-11-03T04:10:36.164+0000] {local_task_job_runner.py:240} INFO - Task exited with return code 0
[2025-11-03T04:10:36.194+0000] {taskinstance.py:3482} INFO - 0 downstream tasks scheduled from follow-on schedule check
[2025-11-03T04:10:36.327+0000] {local_task_job_runner.py:222} INFO - ::endgroup::
