[2025-11-03T03:56:20.781+0000] {local_task_job_runner.py:120} INFO - ::group::Pre task execution logs
[2025-11-03T03:56:21.313+0000] {taskinstance.py:2073} INFO - Dependencies all met for dep_context=non-requeueable deps ti=<TaskInstance: metal_price_dags.transform_task manual__2025-11-03T03:50:44.776295+00:00 [queued]>
[2025-11-03T03:56:21.325+0000] {taskinstance.py:2073} INFO - Dependencies all met for dep_context=requeueable deps ti=<TaskInstance: metal_price_dags.transform_task manual__2025-11-03T03:50:44.776295+00:00 [queued]>
[2025-11-03T03:56:21.325+0000] {taskinstance.py:2303} INFO - Starting attempt 1 of 4
[2025-11-03T03:56:21.350+0000] {taskinstance.py:2327} INFO - Executing <Task(PythonOperator): transform_task> on 2025-11-03 03:50:44.776295+00:00
[2025-11-03T03:56:21.369+0000] {logging_mixin.py:188} WARNING - /home/***/.local/lib/python3.12/site-packages/***/task/task_runner/standard_task_runner.py:61 DeprecationWarning: This process (pid=424) is multi-threaded, use of fork() may lead to deadlocks in the child.
[2025-11-03T03:56:21.367+0000] {standard_task_runner.py:90} INFO - Running: ['***', 'tasks', 'run', 'metal_price_dags', 'transform_task', 'manual__2025-11-03T03:50:44.776295+00:00', '--job-id', '28', '--raw', '--subdir', 'DAGS_FOLDER/metal_price_dags.py', '--cfg-path', '/tmp/tmpemds9eqe']
[2025-11-03T03:56:21.371+0000] {standard_task_runner.py:91} INFO - Job 28: Subtask transform_task
[2025-11-03T03:56:21.371+0000] {standard_task_runner.py:63} INFO - Started process 428 to run task
[2025-11-03T03:56:21.487+0000] {task_command.py:426} INFO - Running <TaskInstance: metal_price_dags.transform_task manual__2025-11-03T03:50:44.776295+00:00 [running]> on host f3a030ef18f3
[2025-11-03T03:56:21.811+0000] {taskinstance.py:2644} INFO - Exporting env vars: AIRFLOW_CTX_DAG_OWNER='***' AIRFLOW_CTX_DAG_ID='metal_price_dags' AIRFLOW_CTX_TASK_ID='transform_task' AIRFLOW_CTX_EXECUTION_DATE='2025-11-03T03:50:44.776295+00:00' AIRFLOW_CTX_TRY_NUMBER='1' AIRFLOW_CTX_DAG_RUN_ID='manual__2025-11-03T03:50:44.776295+00:00'
[2025-11-03T03:56:21.812+0000] {taskinstance.py:430} INFO - ::endgroup::
[2025-11-03T03:56:22.308+0000] {transform.py:12} INFO - Transforming data into structured schema
[2025-11-03T03:56:22.333+0000] {transform.py:30} INFO - Transformation completed
[2025-11-03T03:56:22.333+0000] {python.py:237} INFO - Done. Returned value was: None
[2025-11-03T03:56:22.334+0000] {taskinstance.py:441} INFO - ::group::Post task execution logs
[2025-11-03T03:56:22.346+0000] {taskinstance.py:1205} INFO - Marking task as SUCCESS. dag_id=metal_price_dags, task_id=transform_task, execution_date=20251103T035044, start_date=20251103T035621, end_date=20251103T035622
[2025-11-03T03:56:22.397+0000] {local_task_job_runner.py:240} INFO - Task exited with return code 0
[2025-11-03T03:56:22.431+0000] {taskinstance.py:3482} INFO - 1 downstream tasks scheduled from follow-on schedule check
[2025-11-03T03:56:22.436+0000] {local_task_job_runner.py:222} INFO - ::endgroup::
