[2025-11-03T03:41:28.697+0000] {local_task_job_runner.py:120} INFO - ::group::Pre task execution logs
[2025-11-03T03:41:28.943+0000] {taskinstance.py:2073} INFO - Dependencies all met for dep_context=non-requeueable deps ti=<TaskInstance: metal_price_dags.transform_task scheduled__2025-11-03T03:15:00+00:00 [queued]>
[2025-11-03T03:41:28.951+0000] {taskinstance.py:2073} INFO - Dependencies all met for dep_context=requeueable deps ti=<TaskInstance: metal_price_dags.transform_task scheduled__2025-11-03T03:15:00+00:00 [queued]>
[2025-11-03T03:41:28.951+0000] {taskinstance.py:2303} INFO - Starting attempt 4 of 4
[2025-11-03T03:41:28.968+0000] {taskinstance.py:2327} INFO - Executing <Task(PythonOperator): transform_task> on 2025-11-03 03:15:00+00:00
[2025-11-03T03:41:28.981+0000] {standard_task_runner.py:90} INFO - Running: ['***', 'tasks', 'run', 'metal_price_dags', 'transform_task', 'scheduled__2025-11-03T03:15:00+00:00', '--job-id', '12', '--raw', '--subdir', 'DAGS_FOLDER/metal_price_dags.py', '--cfg-path', '/tmp/tmpgpjw_xs4']
[2025-11-03T03:41:28.984+0000] {standard_task_runner.py:91} INFO - Job 12: Subtask transform_task
[2025-11-03T03:41:28.984+0000] {logging_mixin.py:188} WARNING - /home/***/.local/lib/python3.12/site-packages/***/task/task_runner/standard_task_runner.py:61 DeprecationWarning: This process (pid=210) is multi-threaded, use of fork() may lead to deadlocks in the child.
[2025-11-03T03:41:28.984+0000] {standard_task_runner.py:63} INFO - Started process 212 to run task
[2025-11-03T03:41:29.056+0000] {task_command.py:426} INFO - Running <TaskInstance: metal_price_dags.transform_task scheduled__2025-11-03T03:15:00+00:00 [running]> on host f3a030ef18f3
[2025-11-03T03:41:29.172+0000] {taskinstance.py:2644} INFO - Exporting env vars: AIRFLOW_CTX_DAG_OWNER='***' AIRFLOW_CTX_DAG_ID='metal_price_dags' AIRFLOW_CTX_TASK_ID='transform_task' AIRFLOW_CTX_EXECUTION_DATE='2025-11-03T03:15:00+00:00' AIRFLOW_CTX_TRY_NUMBER='4' AIRFLOW_CTX_DAG_RUN_ID='scheduled__2025-11-03T03:15:00+00:00'
[2025-11-03T03:41:29.174+0000] {taskinstance.py:430} INFO - ::endgroup::
[2025-11-03T03:41:29.205+0000] {taskinstance.py:441} INFO - ::group::Post task execution logs
[2025-11-03T03:41:29.205+0000] {taskinstance.py:2890} ERROR - Task failed with exception
Traceback (most recent call last):
  File "/home/airflow/.local/lib/python3.12/site-packages/airflow/models/taskinstance.py", line 465, in _execute_task
    result = _execute_callable(context=context, **execute_callable_kwargs)
             ^^^^^^^^^^^^^^^^^^^^^^^^^^^^^^^^^^^^^^^^^^^^^^^^^^^^^^^^^^^^^
  File "/home/airflow/.local/lib/python3.12/site-packages/airflow/models/taskinstance.py", line 432, in _execute_callable
    return execute_callable(context=context, **execute_callable_kwargs)
           ^^^^^^^^^^^^^^^^^^^^^^^^^^^^^^^^^^^^^^^^^^^^^^^^^^^^^^^^^^^^
  File "/home/airflow/.local/lib/python3.12/site-packages/airflow/models/baseoperator.py", line 400, in wrapper
    return func(self, *args, **kwargs)
           ^^^^^^^^^^^^^^^^^^^^^^^^^^^
  File "/home/airflow/.local/lib/python3.12/site-packages/airflow/operators/python.py", line 235, in execute
    return_value = self.execute_callable()
                   ^^^^^^^^^^^^^^^^^^^^^^^
  File "/home/airflow/.local/lib/python3.12/site-packages/airflow/operators/python.py", line 252, in execute_callable
    return self.python_callable(*self.op_args, **self.op_kwargs)
           ^^^^^^^^^^^^^^^^^^^^^^^^^^^^^^^^^^^^^^^^^^^^^^^^^^^^^
  File "/opt/airflow/src/transform.py", line 9, in transform_data
    raw_data["timestamp"] = datetime.fromtimestamp(raw_data["timestamp"])
                                                   ~~~~~~~~^^^^^^^^^^^^^
KeyError: 'timestamp'
[2025-11-03T03:41:29.219+0000] {taskinstance.py:1205} INFO - Marking task as FAILED. dag_id=metal_price_dags, task_id=transform_task, execution_date=20251103T031500, start_date=20251103T034128, end_date=20251103T034129
[2025-11-03T03:41:29.236+0000] {standard_task_runner.py:110} ERROR - Failed to execute job 12 for task transform_task ('timestamp'; 212)
[2025-11-03T03:41:29.286+0000] {local_task_job_runner.py:240} INFO - Task exited with return code 1
[2025-11-03T03:41:29.315+0000] {taskinstance.py:3482} INFO - 0 downstream tasks scheduled from follow-on schedule check
[2025-11-03T03:41:29.326+0000] {local_task_job_runner.py:222} INFO - ::endgroup::
