[2025-11-03T04:15:13.588+0000] {local_task_job_runner.py:120} INFO - ::group::Pre task execution logs
[2025-11-03T04:15:13.860+0000] {taskinstance.py:2073} INFO - Dependencies all met for dep_context=non-requeueable deps ti=<TaskInstance: metal_price_dags.load_task scheduled__2025-11-03T04:00:00+00:00 [queued]>
[2025-11-03T04:15:13.872+0000] {taskinstance.py:2073} INFO - Dependencies all met for dep_context=requeueable deps ti=<TaskInstance: metal_price_dags.load_task scheduled__2025-11-03T04:00:00+00:00 [queued]>
[2025-11-03T04:15:13.874+0000] {taskinstance.py:2303} INFO - Starting attempt 1 of 1
[2025-11-03T04:15:13.896+0000] {taskinstance.py:2327} INFO - Executing <Task(PythonOperator): load_task> on 2025-11-03 04:00:00+00:00
[2025-11-03T04:15:13.911+0000] {logging_mixin.py:188} WARNING - /home/***/.local/lib/python3.12/site-packages/***/task/task_runner/standard_task_runner.py:61 DeprecationWarning: This process (pid=765) is multi-threaded, use of fork() may lead to deadlocks in the child.
[2025-11-03T04:15:13.913+0000] {standard_task_runner.py:63} INFO - Started process 767 to run task
[2025-11-03T04:15:13.911+0000] {standard_task_runner.py:90} INFO - Running: ['***', 'tasks', 'run', 'metal_price_dags', 'load_task', 'scheduled__2025-11-03T04:00:00+00:00', '--job-id', '69', '--raw', '--subdir', 'DAGS_FOLDER/metal_price_dags.py', '--cfg-path', '/tmp/tmp2ypvks7_']
[2025-11-03T04:15:13.914+0000] {standard_task_runner.py:91} INFO - Job 69: Subtask load_task
[2025-11-03T04:15:13.993+0000] {task_command.py:426} INFO - Running <TaskInstance: metal_price_dags.load_task scheduled__2025-11-03T04:00:00+00:00 [running]> on host f3a030ef18f3
[2025-11-03T04:15:14.123+0000] {taskinstance.py:2644} INFO - Exporting env vars: AIRFLOW_CTX_DAG_OWNER='***' AIRFLOW_CTX_DAG_ID='metal_price_dags' AIRFLOW_CTX_TASK_ID='load_task' AIRFLOW_CTX_EXECUTION_DATE='2025-11-03T04:00:00+00:00' AIRFLOW_CTX_TRY_NUMBER='1' AIRFLOW_CTX_DAG_RUN_ID='scheduled__2025-11-03T04:00:00+00:00'
[2025-11-03T04:15:14.124+0000] {taskinstance.py:430} INFO - ::endgroup::
[2025-11-03T04:15:14.141+0000] {load.py:5} INFO - Loading data into database
[2025-11-03T04:15:14.181+0000] {base.py:84} INFO - Using connection ID 'my_postgres' for task execution.
[2025-11-03T04:15:14.202+0000] {load.py:25} INFO - Data loaded successfully
[2025-11-03T04:15:14.204+0000] {python.py:237} INFO - Done. Returned value was: None
[2025-11-03T04:15:14.204+0000] {taskinstance.py:441} INFO - ::group::Post task execution logs
[2025-11-03T04:15:14.223+0000] {taskinstance.py:1205} INFO - Marking task as SUCCESS. dag_id=metal_price_dags, task_id=load_task, execution_date=20251103T040000, start_date=20251103T041513, end_date=20251103T041514
[2025-11-03T04:15:14.291+0000] {local_task_job_runner.py:240} INFO - Task exited with return code 0
[2025-11-03T04:15:14.312+0000] {taskinstance.py:3482} INFO - 0 downstream tasks scheduled from follow-on schedule check
[2025-11-03T04:15:14.317+0000] {local_task_job_runner.py:222} INFO - ::endgroup::
