[2025-11-03T04:07:26.022+0000] {local_task_job_runner.py:120} INFO - ::group::Pre task execution logs
[2025-11-03T04:07:26.605+0000] {taskinstance.py:2073} INFO - Dependencies all met for dep_context=non-requeueable deps ti=<TaskInstance: metal_price_dags.transform_task manual__2025-11-03T04:07:21.753621+00:00 [queued]>
[2025-11-03T04:07:26.616+0000] {taskinstance.py:2073} INFO - Dependencies all met for dep_context=requeueable deps ti=<TaskInstance: metal_price_dags.transform_task manual__2025-11-03T04:07:21.753621+00:00 [queued]>
[2025-11-03T04:07:26.617+0000] {taskinstance.py:2303} INFO - Starting attempt 1 of 1
[2025-11-03T04:07:26.657+0000] {taskinstance.py:2327} INFO - Executing <Task(PythonOperator): transform_task> on 2025-11-03 04:07:21.753621+00:00
[2025-11-03T04:07:26.682+0000] {logging_mixin.py:188} WARNING - /home/***/.local/lib/python3.12/site-packages/***/task/task_runner/standard_task_runner.py:61 DeprecationWarning: This process (pid=639) is multi-threaded, use of fork() may lead to deadlocks in the child.
[2025-11-03T04:07:26.679+0000] {standard_task_runner.py:90} INFO - Running: ['***', 'tasks', 'run', 'metal_price_dags', 'transform_task', 'manual__2025-11-03T04:07:21.753621+00:00', '--job-id', '57', '--raw', '--subdir', 'DAGS_FOLDER/metal_price_dags.py', '--cfg-path', '/tmp/tmp_ad4kjpb']
[2025-11-03T04:07:26.684+0000] {standard_task_runner.py:91} INFO - Job 57: Subtask transform_task
[2025-11-03T04:07:26.684+0000] {standard_task_runner.py:63} INFO - Started process 641 to run task
[2025-11-03T04:07:27.016+0000] {task_command.py:426} INFO - Running <TaskInstance: metal_price_dags.transform_task manual__2025-11-03T04:07:21.753621+00:00 [running]> on host f3a030ef18f3
[2025-11-03T04:07:27.383+0000] {taskinstance.py:2644} INFO - Exporting env vars: AIRFLOW_CTX_DAG_OWNER='***' AIRFLOW_CTX_DAG_ID='metal_price_dags' AIRFLOW_CTX_TASK_ID='transform_task' AIRFLOW_CTX_EXECUTION_DATE='2025-11-03T04:07:21.753621+00:00' AIRFLOW_CTX_TRY_NUMBER='1' AIRFLOW_CTX_DAG_RUN_ID='manual__2025-11-03T04:07:21.753621+00:00'
[2025-11-03T04:07:27.385+0000] {taskinstance.py:430} INFO - ::endgroup::
[2025-11-03T04:07:27.453+0000] {transform.py:12} INFO - Transforming data into structured schema
[2025-11-03T04:07:27.489+0000] {transform.py:30} INFO - Transformation completed
[2025-11-03T04:07:27.491+0000] {python.py:237} INFO - Done. Returned value was: None
[2025-11-03T04:07:27.493+0000] {taskinstance.py:441} INFO - ::group::Post task execution logs
[2025-11-03T04:07:27.516+0000] {taskinstance.py:1205} INFO - Marking task as SUCCESS. dag_id=metal_price_dags, task_id=transform_task, execution_date=20251103T040721, start_date=20251103T040726, end_date=20251103T040727
[2025-11-03T04:07:27.561+0000] {local_task_job_runner.py:240} INFO - Task exited with return code 0
[2025-11-03T04:07:27.599+0000] {taskinstance.py:3482} INFO - 1 downstream tasks scheduled from follow-on schedule check
[2025-11-03T04:07:27.607+0000] {local_task_job_runner.py:222} INFO - ::endgroup::
