[2025-11-03T02:15:50.202+0000] {manager.py:470} INFO - Processing files using up to 2 processes at a time 
[2025-11-03T02:15:50.203+0000] {manager.py:471} INFO - Process each file at most once every 30 seconds
[2025-11-03T02:15:50.203+0000] {manager.py:472} INFO - Checking for new files in /opt/airflow/dags every 300 seconds
[2025-11-03T02:15:50.203+0000] {manager.py:737} INFO - Searching for files in /opt/airflow/dags
[2025-11-03T02:15:50.207+0000] {manager.py:740} INFO - There are 0 files in /opt/airflow/dags
[2025-11-03T02:20:51.191+0000] {manager.py:737} INFO - Searching for files in /opt/airflow/dags
[2025-11-03T02:20:51.228+0000] {manager.py:740} INFO - There are 0 files in /opt/airflow/dags
[2025-11-03T02:25:51.252+0000] {manager.py:737} INFO - Searching for files in /opt/airflow/dags
[2025-11-03T02:25:51.272+0000] {manager.py:740} INFO - There are 0 files in /opt/airflow/dags
[2025-11-03T02:30:52.032+0000] {manager.py:737} INFO - Searching for files in /opt/airflow/dags
[2025-11-03T02:30:52.063+0000] {manager.py:740} INFO - There are 0 files in /opt/airflow/dags
[2025-11-03T02:35:52.784+0000] {manager.py:737} INFO - Searching for files in /opt/airflow/dags
[2025-11-03T02:35:52.794+0000] {manager.py:740} INFO - There are 0 files in /opt/airflow/dags
[2025-11-03T02:40:53.497+0000] {manager.py:737} INFO - Searching for files in /opt/airflow/dags
[2025-11-03T02:40:53.515+0000] {manager.py:740} INFO - There are 0 files in /opt/airflow/dags
[2025-11-03T02:45:54.122+0000] {manager.py:737} INFO - Searching for files in /opt/airflow/dags
[2025-11-03T02:45:54.180+0000] {manager.py:740} INFO - There are 0 files in /opt/airflow/dags
[2025-11-03T02:50:54.745+0000] {manager.py:737} INFO - Searching for files in /opt/airflow/dags
[2025-11-03T02:50:54.767+0000] {manager.py:740} INFO - There are 0 files in /opt/airflow/dags
[2025-11-03T02:55:55.142+0000] {manager.py:737} INFO - Searching for files in /opt/airflow/dags
[2025-11-03T02:55:55.185+0000] {manager.py:740} INFO - There are 0 files in /opt/airflow/dags
[2025-11-03T03:00:55.172+0000] {manager.py:737} INFO - Searching for files in /opt/airflow/dags
[2025-11-03T03:00:55.207+0000] {manager.py:740} INFO - There are 0 files in /opt/airflow/dags
[2025-11-03T03:05:55.786+0000] {manager.py:737} INFO - Searching for files in /opt/airflow/dags
[2025-11-03T03:05:55.835+0000] {manager.py:740} INFO - There are 0 files in /opt/airflow/dags
[2025-11-03T03:10:56.020+0000] {manager.py:737} INFO - Searching for files in /opt/airflow/dags
[2025-11-03T03:10:56.113+0000] {manager.py:740} INFO - There are 0 files in /opt/airflow/dags
[2025-11-03T03:15:56.541+0000] {manager.py:737} INFO - Searching for files in /opt/airflow/dags
[2025-11-03T03:15:56.663+0000] {manager.py:740} INFO - There are 0 files in /opt/airflow/dags
[2025-11-03T03:20:56.685+0000] {manager.py:737} INFO - Searching for files in /opt/airflow/dags
[2025-11-03T03:20:56.794+0000] {manager.py:740} INFO - There are 0 files in /opt/airflow/dags
[2025-11-03T03:25:57.617+0000] {manager.py:737} INFO - Searching for files in /opt/airflow/dags
[2025-11-03T03:25:58.145+0000] {manager.py:740} INFO - There are 1 files in /opt/airflow/dags
[2025-11-03T03:26:02.536+0000] {manager.py:878} INFO - 
================================================================================
DAG File Processing Stats

File Path                                PID  Runtime      # DAGs    # Errors  Last Runtime    Last Run
-------------------------------------  -----  ---------  --------  ----------  --------------  ----------
/opt/airflow/dags/metal_price_dags.py    159  0.18s             0           0
================================================================================
[2025-11-03T03:26:23.718+0000] {manager.py:1016} ERROR - Processor for /opt/airflow/dags/metal_price_dags.py exited with return code 1.
[2025-11-03T03:26:31.056+0000] {manager.py:878} INFO - 
================================================================================
DAG File Processing Stats

File Path                              PID    Runtime      # DAGs    # Errors  Last Runtime    Last Run
-------------------------------------  -----  ---------  --------  ----------  --------------  -------------------
/opt/airflow/dags/metal_price_dags.py                           0          -1  21.91s          2025-11-03T03:26:23
================================================================================
[2025-11-03T03:28:46.736+0000] {manager.py:1203} ERROR - Processor for /opt/airflow/dags/metal_price_dags.py with PID 164 started at 2025-11-03T03:26:54.472342+00:00 has timed out, killing it.
[2025-11-03T03:28:49.286+0000] {manager.py:878} INFO - 
================================================================================
DAG File Processing Stats

File Path                              PID    Runtime      # DAGs    # Errors  Last Runtime    Last Run
-------------------------------------  -----  ---------  --------  ----------  --------------  -------------------
/opt/airflow/dags/metal_price_dags.py                           0           1  111.62s         2025-11-03T03:28:46
================================================================================
[2025-11-03T03:29:16.706+0000] {manager.py:878} INFO - 
================================================================================
DAG File Processing Stats

File Path                              PID    Runtime      # DAGs    # Errors  Last Runtime    Last Run
-------------------------------------  -----  ---------  --------  ----------  --------------  -------------------
/opt/airflow/dags/metal_price_dags.py                           0           1  6.47s           2025-11-03T03:28:58
================================================================================
[2025-11-03T03:29:44.470+0000] {manager.py:878} INFO - 
================================================================================
DAG File Processing Stats

File Path                              PID    Runtime      # DAGs    # Errors  Last Runtime    Last Run
-------------------------------------  -----  ---------  --------  ----------  --------------  -------------------
/opt/airflow/dags/metal_price_dags.py                           0           1  2.15s           2025-11-03T03:29:33
================================================================================
[2025-11-03T03:30:12.075+0000] {manager.py:878} INFO - 
================================================================================
DAG File Processing Stats

File Path                              PID    Runtime      # DAGs    # Errors  Last Runtime    Last Run
-------------------------------------  -----  ---------  --------  ----------  --------------  -------------------
/opt/airflow/dags/metal_price_dags.py                           0           1  1.17s           2025-11-03T03:30:03
================================================================================
[2025-11-03T03:30:40.077+0000] {manager.py:878} INFO - 
================================================================================
DAG File Processing Stats

File Path                              PID    Runtime      # DAGs    # Errors  Last Runtime    Last Run
-------------------------------------  -----  ---------  --------  ----------  --------------  -------------------
/opt/airflow/dags/metal_price_dags.py                           0           1  1.12s           2025-11-03T03:30:35
================================================================================
[2025-11-03T03:30:57.958+0000] {manager.py:737} INFO - Searching for files in /opt/airflow/dags
[2025-11-03T03:30:57.967+0000] {manager.py:740} INFO - There are 1 files in /opt/airflow/dags
[2025-11-03T03:31:08.111+0000] {manager.py:878} INFO - 
================================================================================
DAG File Processing Stats

File Path                              PID    Runtime      # DAGs    # Errors  Last Runtime    Last Run
-------------------------------------  -----  ---------  --------  ----------  --------------  -------------------
/opt/airflow/dags/metal_price_dags.py                           0           1  0.31s           2025-11-03T03:30:57
================================================================================
[2025-11-03T03:31:35.978+0000] {manager.py:878} INFO - 
================================================================================
DAG File Processing Stats

File Path                              PID    Runtime      # DAGs    # Errors  Last Runtime    Last Run
-------------------------------------  -----  ---------  --------  ----------  --------------  -------------------
/opt/airflow/dags/metal_price_dags.py                           0           1  0.18s           2025-11-03T03:31:28
================================================================================
[2025-11-03T03:32:03.802+0000] {manager.py:878} INFO - 
================================================================================
DAG File Processing Stats

File Path                              PID    Runtime      # DAGs    # Errors  Last Runtime    Last Run
-------------------------------------  -----  ---------  --------  ----------  --------------  -------------------
/opt/airflow/dags/metal_price_dags.py                           0           1  0.11s           2025-11-03T03:31:58
================================================================================
[2025-11-03T03:32:31.897+0000] {manager.py:878} INFO - 
================================================================================
DAG File Processing Stats

File Path                              PID    Runtime      # DAGs    # Errors  Last Runtime    Last Run
-------------------------------------  -----  ---------  --------  ----------  --------------  -------------------
/opt/airflow/dags/metal_price_dags.py                           0           1  0.21s           2025-11-03T03:32:31
================================================================================
[2025-11-03T03:32:59.908+0000] {manager.py:878} INFO - 
================================================================================
DAG File Processing Stats

File Path                              PID    Runtime      # DAGs    # Errors  Last Runtime    Last Run
-------------------------------------  -----  ---------  --------  ----------  --------------  -------------------
/opt/airflow/dags/metal_price_dags.py                           0           1  0.27s           2025-11-03T03:32:40
================================================================================
[2025-11-03T03:33:27.692+0000] {manager.py:878} INFO - 
================================================================================
DAG File Processing Stats

File Path                              PID    Runtime      # DAGs    # Errors  Last Runtime    Last Run
-------------------------------------  -----  ---------  --------  ----------  --------------  -------------------
/opt/airflow/dags/metal_price_dags.py                           0           1  0.08s           2025-11-03T03:33:03
================================================================================
[2025-11-03T03:33:55.687+0000] {manager.py:878} INFO - 
================================================================================
DAG File Processing Stats

File Path                              PID    Runtime      # DAGs    # Errors  Last Runtime    Last Run
-------------------------------------  -----  ---------  --------  ----------  --------------  -------------------
/opt/airflow/dags/metal_price_dags.py                           0           1  0.64s           2025-11-03T03:33:34
================================================================================
[2025-11-03T03:34:22.171+0000] {manager.py:878} INFO - 
================================================================================
DAG File Processing Stats

File Path                              PID    Runtime      # DAGs    # Errors  Last Runtime    Last Run
-------------------------------------  -----  ---------  --------  ----------  --------------  -------------------
/opt/airflow/dags/metal_price_dags.py                           0           1  0.43s           2025-11-03T03:34:11
================================================================================
[2025-11-03T03:34:51.815+0000] {manager.py:878} INFO - 
================================================================================
DAG File Processing Stats

File Path                              PID    Runtime      # DAGs    # Errors  Last Runtime    Last Run
-------------------------------------  -----  ---------  --------  ----------  --------------  -------------------
/opt/airflow/dags/metal_price_dags.py                           0           1  0.13s           2025-11-03T03:34:41
================================================================================
[2025-11-03T03:35:19.760+0000] {manager.py:878} INFO - 
================================================================================
DAG File Processing Stats

File Path                              PID    Runtime      # DAGs    # Errors  Last Runtime    Last Run
-------------------------------------  -----  ---------  --------  ----------  --------------  -------------------
/opt/airflow/dags/metal_price_dags.py                           0           1  0.24s           2025-11-03T03:35:12
================================================================================
[2025-11-03T03:35:47.990+0000] {manager.py:878} INFO - 
================================================================================
DAG File Processing Stats

File Path                              PID    Runtime      # DAGs    # Errors  Last Runtime    Last Run
-------------------------------------  -----  ---------  --------  ----------  --------------  -------------------
/opt/airflow/dags/metal_price_dags.py                           0           1  0.14s           2025-11-03T03:35:44
================================================================================
[2025-11-03T03:35:58.745+0000] {manager.py:737} INFO - Searching for files in /opt/airflow/dags
[2025-11-03T03:35:58.799+0000] {manager.py:740} INFO - There are 1 files in /opt/airflow/dags
[2025-11-03T03:36:16.302+0000] {manager.py:878} INFO - 
================================================================================
DAG File Processing Stats

File Path                              PID    Runtime      # DAGs    # Errors  Last Runtime    Last Run
-------------------------------------  -----  ---------  --------  ----------  --------------  -------------------
/opt/airflow/dags/metal_price_dags.py                           0           1  0.10s           2025-11-03T03:36:15
================================================================================
[2025-11-03T03:36:44.169+0000] {manager.py:878} INFO - 
================================================================================
DAG File Processing Stats

File Path                              PID    Runtime      # DAGs    # Errors  Last Runtime    Last Run
-------------------------------------  -----  ---------  --------  ----------  --------------  -------------------
/opt/airflow/dags/metal_price_dags.py                           0           1  0.10s           2025-11-03T03:36:41
================================================================================
[2025-11-03T03:37:12.047+0000] {manager.py:878} INFO - 
================================================================================
DAG File Processing Stats

File Path                                PID  Runtime      # DAGs    # Errors  Last Runtime    Last Run
-------------------------------------  -----  ---------  --------  ----------  --------------  -------------------
/opt/airflow/dags/metal_price_dags.py    287  0.01s             0           1  0.10s           2025-11-03T03:36:41
================================================================================
[2025-11-03T03:37:32.246+0000] {manager.py:452} INFO - Exiting gracefully upon receiving signal 15
[2025-11-03T03:38:42.634+0000] {manager.py:470} INFO - Processing files using up to 2 processes at a time 
[2025-11-03T03:38:42.641+0000] {manager.py:471} INFO - Process each file at most once every 30 seconds
[2025-11-03T03:38:42.646+0000] {manager.py:472} INFO - Checking for new files in /opt/airflow/dags every 300 seconds
[2025-11-03T03:38:42.653+0000] {manager.py:737} INFO - Searching for files in /opt/airflow/dags
[2025-11-03T03:38:42.681+0000] {manager.py:740} INFO - There are 1 files in /opt/airflow/dags
[2025-11-03T03:38:41.764+0000] {manager.py:878} INFO - 
================================================================================
DAG File Processing Stats

File Path                                PID  Runtime      # DAGs    # Errors  Last Runtime    Last Run
-------------------------------------  -----  ---------  --------  ----------  --------------  ----------
/opt/airflow/dags/metal_price_dags.py    158  -1.71s            0           0
================================================================================
[2025-11-03T03:39:09.623+0000] {manager.py:878} INFO - 
================================================================================
DAG File Processing Stats

File Path                              PID    Runtime      # DAGs    # Errors  Last Runtime    Last Run
-------------------------------------  -----  ---------  --------  ----------  --------------  -------------------
/opt/airflow/dags/metal_price_dags.py                           1           0  6.36s           2025-11-03T03:38:49
================================================================================
[2025-11-03T03:39:37.321+0000] {manager.py:878} INFO - 
================================================================================
DAG File Processing Stats

File Path                              PID    Runtime      # DAGs    # Errors  Last Runtime    Last Run
-------------------------------------  -----  ---------  --------  ----------  --------------  -------------------
/opt/airflow/dags/metal_price_dags.py                           1           0  3.69s           2025-11-03T03:39:23
================================================================================
[2025-11-03T03:40:08.120+0000] {manager.py:878} INFO - 
================================================================================
DAG File Processing Stats

File Path                                PID  Runtime      # DAGs    # Errors  Last Runtime    Last Run
-------------------------------------  -----  ---------  --------  ----------  --------------  -------------------
/opt/airflow/dags/metal_price_dags.py    171  14.25s            1           0  3.69s           2025-11-03T03:39:23
================================================================================
[2025-11-03T03:40:37.621+0000] {manager.py:878} INFO - 
================================================================================
DAG File Processing Stats

File Path                              PID    Runtime      # DAGs    # Errors  Last Runtime    Last Run
-------------------------------------  -----  ---------  --------  ----------  --------------  -------------------
/opt/airflow/dags/metal_price_dags.py                           1           0  35.37s          2025-11-03T03:40:29
================================================================================
[2025-11-03T03:41:05.271+0000] {manager.py:878} INFO - 
================================================================================
DAG File Processing Stats

File Path                              PID    Runtime      # DAGs    # Errors  Last Runtime    Last Run
-------------------------------------  -----  ---------  --------  ----------  --------------  -------------------
/opt/airflow/dags/metal_price_dags.py                           1           0  0.91s           2025-11-03T03:41:00
================================================================================
[2025-11-03T03:41:33.048+0000] {manager.py:878} INFO - 
================================================================================
DAG File Processing Stats

File Path                              PID    Runtime      # DAGs    # Errors  Last Runtime    Last Run
-------------------------------------  -----  ---------  --------  ----------  --------------  -------------------
/opt/airflow/dags/metal_price_dags.py                           1           0  0.87s           2025-11-03T03:41:31
================================================================================
[2025-11-03T03:42:00.870+0000] {manager.py:878} INFO - 
================================================================================
DAG File Processing Stats

File Path                              PID    Runtime      # DAGs    # Errors  Last Runtime    Last Run
-------------------------------------  -----  ---------  --------  ----------  --------------  -------------------
/opt/airflow/dags/metal_price_dags.py                           1           0  0.87s           2025-11-03T03:41:31
================================================================================
[2025-11-03T03:42:28.852+0000] {manager.py:878} INFO - 
================================================================================
DAG File Processing Stats

File Path                              PID    Runtime      # DAGs    # Errors  Last Runtime    Last Run
-------------------------------------  -----  ---------  --------  ----------  --------------  -------------------
/opt/airflow/dags/metal_price_dags.py                           1           0  0.65s           2025-11-03T03:42:02
================================================================================
[2025-11-03T03:42:56.719+0000] {manager.py:878} INFO - 
================================================================================
DAG File Processing Stats

File Path                              PID    Runtime      # DAGs    # Errors  Last Runtime    Last Run
-------------------------------------  -----  ---------  --------  ----------  --------------  -------------------
/opt/airflow/dags/metal_price_dags.py                           1           0  1.81s           2025-11-03T03:42:34
================================================================================
[2025-11-03T03:43:24.632+0000] {manager.py:878} INFO - 
================================================================================
DAG File Processing Stats

File Path                              PID    Runtime      # DAGs    # Errors  Last Runtime    Last Run
-------------------------------------  -----  ---------  --------  ----------  --------------  -------------------
/opt/airflow/dags/metal_price_dags.py                           1           0  1.15s           2025-11-03T03:43:06
================================================================================
[2025-11-03T03:43:43.148+0000] {manager.py:737} INFO - Searching for files in /opt/airflow/dags
[2025-11-03T03:43:43.151+0000] {manager.py:740} INFO - There are 1 files in /opt/airflow/dags
[2025-11-03T03:43:52.248+0000] {manager.py:878} INFO - 
================================================================================
DAG File Processing Stats

File Path                              PID    Runtime      # DAGs    # Errors  Last Runtime    Last Run
-------------------------------------  -----  ---------  --------  ----------  --------------  -------------------
/opt/airflow/dags/metal_price_dags.py                           1           0  0.77s           2025-11-03T03:43:38
================================================================================
[2025-11-03T03:44:20.195+0000] {manager.py:878} INFO - 
================================================================================
DAG File Processing Stats

File Path                              PID    Runtime      # DAGs    # Errors  Last Runtime    Last Run
-------------------------------------  -----  ---------  --------  ----------  --------------  -------------------
/opt/airflow/dags/metal_price_dags.py                           1           0  0.83s           2025-11-03T03:44:09
================================================================================
[2025-11-03T03:44:48.141+0000] {manager.py:878} INFO - 
================================================================================
DAG File Processing Stats

File Path                              PID    Runtime      # DAGs    # Errors  Last Runtime    Last Run
-------------------------------------  -----  ---------  --------  ----------  --------------  -------------------
/opt/airflow/dags/metal_price_dags.py                           1           0  1.53s           2025-11-03T03:44:41
================================================================================
[2025-11-03T03:45:15.787+0000] {manager.py:878} INFO - 
================================================================================
DAG File Processing Stats

File Path                              PID    Runtime      # DAGs    # Errors  Last Runtime    Last Run
-------------------------------------  -----  ---------  --------  ----------  --------------  -------------------
/opt/airflow/dags/metal_price_dags.py                           1           0  0.83s           2025-11-03T03:45:12
================================================================================
[2025-11-03T03:45:43.655+0000] {manager.py:878} INFO - 
================================================================================
DAG File Processing Stats

File Path                                PID  Runtime      # DAGs    # Errors  Last Runtime    Last Run
-------------------------------------  -----  ---------  --------  ----------  --------------  -------------------
/opt/airflow/dags/metal_price_dags.py    273  0.44s             1           0  0.83s           2025-11-03T03:45:12
================================================================================
[2025-11-03T03:46:11.525+0000] {manager.py:878} INFO - 
================================================================================
DAG File Processing Stats

File Path                              PID    Runtime      # DAGs    # Errors  Last Runtime    Last Run
-------------------------------------  -----  ---------  --------  ----------  --------------  -------------------
/opt/airflow/dags/metal_price_dags.py                           1           0  2.01s           2025-11-03T03:45:45
================================================================================
[2025-11-03T03:46:39.486+0000] {manager.py:878} INFO - 
================================================================================
DAG File Processing Stats

File Path                              PID    Runtime      # DAGs    # Errors  Last Runtime    Last Run
-------------------------------------  -----  ---------  --------  ----------  --------------  -------------------
/opt/airflow/dags/metal_price_dags.py                           1           0  12.33s          2025-11-03T03:46:27
================================================================================
[2025-11-03T03:47:07.292+0000] {manager.py:878} INFO - 
================================================================================
DAG File Processing Stats

File Path                              PID    Runtime      # DAGs    # Errors  Last Runtime    Last Run
-------------------------------------  -----  ---------  --------  ----------  --------------  -------------------
/opt/airflow/dags/metal_price_dags.py                           1           0  1.01s           2025-11-03T03:46:59
================================================================================
[2025-11-03T03:47:35.091+0000] {manager.py:878} INFO - 
================================================================================
DAG File Processing Stats

File Path                              PID    Runtime      # DAGs    # Errors  Last Runtime    Last Run
-------------------------------------  -----  ---------  --------  ----------  --------------  -------------------
/opt/airflow/dags/metal_price_dags.py                           1           0  0.97s           2025-11-03T03:47:31
================================================================================
[2025-11-03T03:48:02.892+0000] {manager.py:878} INFO - 
================================================================================
DAG File Processing Stats

File Path                              PID    Runtime      # DAGs    # Errors  Last Runtime    Last Run
-------------------------------------  -----  ---------  --------  ----------  --------------  -------------------
/opt/airflow/dags/metal_price_dags.py                           1           0  0.90s           2025-11-03T03:48:02
================================================================================
[2025-11-03T03:48:30.743+0000] {manager.py:878} INFO - 
================================================================================
DAG File Processing Stats

File Path                              PID    Runtime      # DAGs    # Errors  Last Runtime    Last Run
-------------------------------------  -----  ---------  --------  ----------  --------------  -------------------
/opt/airflow/dags/metal_price_dags.py                           1           0  0.90s           2025-11-03T03:48:02
================================================================================
[2025-11-03T03:48:43.425+0000] {manager.py:737} INFO - Searching for files in /opt/airflow/dags
[2025-11-03T03:48:43.428+0000] {manager.py:740} INFO - There are 1 files in /opt/airflow/dags
[2025-11-03T03:48:58.588+0000] {manager.py:878} INFO - 
================================================================================
DAG File Processing Stats

File Path                              PID    Runtime      # DAGs    # Errors  Last Runtime    Last Run
-------------------------------------  -----  ---------  --------  ----------  --------------  -------------------
/opt/airflow/dags/metal_price_dags.py                           1           0  7.97s           2025-11-03T03:48:41
================================================================================
[2025-11-03T03:49:25.676+0000] {manager.py:878} INFO - 
================================================================================
DAG File Processing Stats

File Path                              PID    Runtime      # DAGs    # Errors  Last Runtime    Last Run
-------------------------------------  -----  ---------  --------  ----------  --------------  -------------------
/opt/airflow/dags/metal_price_dags.py                           1           0  4.52s           2025-11-03T03:49:16
================================================================================
[2025-11-03T03:49:53.519+0000] {manager.py:878} INFO - 
================================================================================
DAG File Processing Stats

File Path                              PID    Runtime      # DAGs    # Errors  Last Runtime    Last Run
-------------------------------------  -----  ---------  --------  ----------  --------------  -------------------
/opt/airflow/dags/metal_price_dags.py                           1           0  1.27s           2025-11-03T03:49:48
================================================================================
[2025-11-03T03:50:20.011+0000] {manager.py:878} INFO - 
================================================================================
DAG File Processing Stats

File Path                              PID    Runtime      # DAGs    # Errors  Last Runtime    Last Run
-------------------------------------  -----  ---------  --------  ----------  --------------  -------------------
/opt/airflow/dags/metal_price_dags.py                           1           0  1.22s           2025-11-03T03:50:20
================================================================================
[2025-11-03T03:50:47.848+0000] {manager.py:878} INFO - 
================================================================================
DAG File Processing Stats

File Path                              PID    Runtime      # DAGs    # Errors  Last Runtime    Last Run
-------------------------------------  -----  ---------  --------  ----------  --------------  -------------------
/opt/airflow/dags/metal_price_dags.py                           1           0  1.22s           2025-11-03T03:50:20
================================================================================
[2025-11-03T03:51:15.690+0000] {manager.py:878} INFO - 
================================================================================
DAG File Processing Stats

File Path                              PID    Runtime      # DAGs    # Errors  Last Runtime    Last Run
-------------------------------------  -----  ---------  --------  ----------  --------------  -------------------
/opt/airflow/dags/metal_price_dags.py                           1           0  1.42s           2025-11-03T03:50:52
================================================================================
[2025-11-03T03:51:43.885+0000] {manager.py:878} INFO - 
================================================================================
DAG File Processing Stats

File Path                              PID    Runtime      # DAGs    # Errors  Last Runtime    Last Run
-------------------------------------  -----  ---------  --------  ----------  --------------  -------------------
/opt/airflow/dags/metal_price_dags.py                           1           0  2.33s           2025-11-03T03:51:25
================================================================================
[2025-11-03T03:52:11.586+0000] {manager.py:878} INFO - 
================================================================================
DAG File Processing Stats

File Path                              PID    Runtime      # DAGs    # Errors  Last Runtime    Last Run
-------------------------------------  -----  ---------  --------  ----------  --------------  -------------------
/opt/airflow/dags/metal_price_dags.py                           1           0  0.85s           2025-11-03T03:51:56
================================================================================
[2025-11-03T03:52:39.382+0000] {manager.py:878} INFO - 
================================================================================
DAG File Processing Stats

File Path                              PID    Runtime      # DAGs    # Errors  Last Runtime    Last Run
-------------------------------------  -----  ---------  --------  ----------  --------------  -------------------
/opt/airflow/dags/metal_price_dags.py                           1           0  0.83s           2025-11-03T03:52:27
================================================================================
[2025-11-03T03:53:07.103+0000] {manager.py:878} INFO - 
================================================================================
DAG File Processing Stats

File Path                              PID    Runtime      # DAGs    # Errors  Last Runtime    Last Run
-------------------------------------  -----  ---------  --------  ----------  --------------  -------------------
/opt/airflow/dags/metal_price_dags.py                           1           0  1.76s           2025-11-03T03:53:00
================================================================================
[2025-11-03T03:53:35.128+0000] {manager.py:878} INFO - 
================================================================================
DAG File Processing Stats

File Path                              PID    Runtime      # DAGs    # Errors  Last Runtime    Last Run
-------------------------------------  -----  ---------  --------  ----------  --------------  -------------------
/opt/airflow/dags/metal_price_dags.py                           1           0  1.03s           2025-11-03T03:53:31
================================================================================
[2025-11-03T03:53:44.203+0000] {manager.py:737} INFO - Searching for files in /opt/airflow/dags
[2025-11-03T03:53:44.208+0000] {manager.py:740} INFO - There are 1 files in /opt/airflow/dags
[2025-11-03T03:54:03.151+0000] {manager.py:878} INFO - 
================================================================================
DAG File Processing Stats

File Path                              PID    Runtime      # DAGs    # Errors  Last Runtime    Last Run
-------------------------------------  -----  ---------  --------  ----------  --------------  -------------------
/opt/airflow/dags/metal_price_dags.py                           1           0  -1.05s          2025-11-03T03:54:01
================================================================================
[2025-11-03T03:54:31.009+0000] {manager.py:878} INFO - 
================================================================================
DAG File Processing Stats

File Path                              PID    Runtime      # DAGs    # Errors  Last Runtime    Last Run
-------------------------------------  -----  ---------  --------  ----------  --------------  -------------------
/opt/airflow/dags/metal_price_dags.py                           1           0  -1.05s          2025-11-03T03:54:01
================================================================================
[2025-11-03T03:54:58.683+0000] {manager.py:878} INFO - 
================================================================================
DAG File Processing Stats

File Path                              PID    Runtime      # DAGs    # Errors  Last Runtime    Last Run
-------------------------------------  -----  ---------  --------  ----------  --------------  -------------------
/opt/airflow/dags/metal_price_dags.py                           1           0  0.82s           2025-11-03T03:54:32
================================================================================
[2025-11-03T03:55:26.497+0000] {manager.py:878} INFO - 
================================================================================
DAG File Processing Stats

File Path                              PID    Runtime      # DAGs    # Errors  Last Runtime    Last Run
-------------------------------------  -----  ---------  --------  ----------  --------------  -------------------
/opt/airflow/dags/metal_price_dags.py                           1           0  0.73s           2025-11-03T03:55:03
================================================================================
[2025-11-03T03:55:54.129+0000] {manager.py:878} INFO - 
================================================================================
DAG File Processing Stats

File Path                              PID    Runtime      # DAGs    # Errors  Last Runtime    Last Run
-------------------------------------  -----  ---------  --------  ----------  --------------  -------------------
/opt/airflow/dags/metal_price_dags.py                           1           0  0.84s           2025-11-03T03:55:35
================================================================================
[2025-11-03T03:56:22.157+0000] {manager.py:878} INFO - 
================================================================================
DAG File Processing Stats

File Path                              PID    Runtime      # DAGs    # Errors  Last Runtime    Last Run
-------------------------------------  -----  ---------  --------  ----------  --------------  -------------------
/opt/airflow/dags/metal_price_dags.py                           1           0  1.74s           2025-11-03T03:56:07
================================================================================
[2025-11-03T03:56:49.968+0000] {manager.py:878} INFO - 
================================================================================
DAG File Processing Stats

File Path                              PID    Runtime      # DAGs    # Errors  Last Runtime    Last Run
-------------------------------------  -----  ---------  --------  ----------  --------------  -------------------
/opt/airflow/dags/metal_price_dags.py                           1           0  0.89s           2025-11-03T03:56:39
================================================================================
[2025-11-03T03:57:17.718+0000] {manager.py:878} INFO - 
================================================================================
DAG File Processing Stats

File Path                              PID    Runtime      # DAGs    # Errors  Last Runtime    Last Run
-------------------------------------  -----  ---------  --------  ----------  --------------  -------------------
/opt/airflow/dags/metal_price_dags.py                           1           0  0.72s           2025-11-03T03:57:10
================================================================================
[2025-11-03T03:57:45.489+0000] {manager.py:878} INFO - 
================================================================================
DAG File Processing Stats

File Path                              PID    Runtime      # DAGs    # Errors  Last Runtime    Last Run
-------------------------------------  -----  ---------  --------  ----------  --------------  -------------------
/opt/airflow/dags/metal_price_dags.py                           1           0  0.92s           2025-11-03T03:57:41
================================================================================
[2025-11-03T03:58:13.390+0000] {manager.py:878} INFO - 
================================================================================
DAG File Processing Stats

File Path                                PID  Runtime      # DAGs    # Errors  Last Runtime    Last Run
-------------------------------------  -----  ---------  --------  ----------  --------------  -------------------
/opt/airflow/dags/metal_price_dags.py    476  1.01s             1           0  0.92s           2025-11-03T03:57:41
================================================================================
[2025-11-03T03:58:41.286+0000] {manager.py:878} INFO - 
================================================================================
DAG File Processing Stats

File Path                              PID    Runtime      # DAGs    # Errors  Last Runtime    Last Run
-------------------------------------  -----  ---------  --------  ----------  --------------  -------------------
/opt/airflow/dags/metal_price_dags.py                           1           0  3.09s           2025-11-03T03:58:15
================================================================================
[2025-11-03T03:58:44.306+0000] {manager.py:737} INFO - Searching for files in /opt/airflow/dags
[2025-11-03T03:58:44.311+0000] {manager.py:740} INFO - There are 1 files in /opt/airflow/dags
[2025-11-03T03:59:09.118+0000] {manager.py:878} INFO - 
================================================================================
DAG File Processing Stats

File Path                              PID    Runtime      # DAGs    # Errors  Last Runtime    Last Run
-------------------------------------  -----  ---------  --------  ----------  --------------  -------------------
/opt/airflow/dags/metal_price_dags.py                           1           0  0.90s           2025-11-03T03:58:46
================================================================================
[2025-11-03T03:59:36.872+0000] {manager.py:878} INFO - 
================================================================================
DAG File Processing Stats

File Path                              PID    Runtime      # DAGs    # Errors  Last Runtime    Last Run
-------------------------------------  -----  ---------  --------  ----------  --------------  -------------------
/opt/airflow/dags/metal_price_dags.py                           1           0  0.83s           2025-11-03T03:59:18
================================================================================
[2025-11-03T04:00:04.711+0000] {manager.py:878} INFO - 
================================================================================
DAG File Processing Stats

File Path                              PID    Runtime      # DAGs    # Errors  Last Runtime    Last Run
-------------------------------------  -----  ---------  --------  ----------  --------------  -------------------
/opt/airflow/dags/metal_price_dags.py                           1           0  0.93s           2025-11-03T03:59:49
================================================================================
[2025-11-03T04:00:32.428+0000] {manager.py:878} INFO - 
================================================================================
DAG File Processing Stats

File Path                              PID    Runtime      # DAGs    # Errors  Last Runtime    Last Run
-------------------------------------  -----  ---------  --------  ----------  --------------  -------------------
/opt/airflow/dags/metal_price_dags.py                           1           0  0.89s           2025-11-03T04:00:20
================================================================================
[2025-11-03T04:01:00.233+0000] {manager.py:878} INFO - 
================================================================================
DAG File Processing Stats

File Path                              PID    Runtime      # DAGs    # Errors  Last Runtime    Last Run
-------------------------------------  -----  ---------  --------  ----------  --------------  -------------------
/opt/airflow/dags/metal_price_dags.py                           1           0  0.88s           2025-11-03T04:00:52
================================================================================
[2025-11-03T04:01:27.820+0000] {manager.py:878} INFO - 
================================================================================
DAG File Processing Stats

File Path                              PID    Runtime      # DAGs    # Errors  Last Runtime    Last Run
-------------------------------------  -----  ---------  --------  ----------  --------------  -------------------
/opt/airflow/dags/metal_price_dags.py                           1           0  0.25s           2025-11-03T04:01:22
================================================================================
[2025-11-03T04:01:56.183+0000] {manager.py:878} INFO - 
================================================================================
DAG File Processing Stats

File Path                              PID    Runtime      # DAGs    # Errors  Last Runtime    Last Run
-------------------------------------  -----  ---------  --------  ----------  --------------  -------------------
/opt/airflow/dags/metal_price_dags.py                           1           0  1.11s           2025-11-03T04:01:54
================================================================================
[2025-11-03T04:02:24.020+0000] {manager.py:878} INFO - 
================================================================================
DAG File Processing Stats

File Path                              PID    Runtime      # DAGs    # Errors  Last Runtime    Last Run
-------------------------------------  -----  ---------  --------  ----------  --------------  -------------------
/opt/airflow/dags/metal_price_dags.py                           1           0  1.11s           2025-11-03T04:01:54
================================================================================
[2025-11-03T04:02:51.923+0000] {manager.py:878} INFO - 
================================================================================
DAG File Processing Stats

File Path                              PID    Runtime      # DAGs    # Errors  Last Runtime    Last Run
-------------------------------------  -----  ---------  --------  ----------  --------------  -------------------
/opt/airflow/dags/metal_price_dags.py                           1           0  2.75s           2025-11-03T04:02:27
================================================================================
[2025-11-03T04:03:19.792+0000] {manager.py:878} INFO - 
================================================================================
DAG File Processing Stats

File Path                              PID    Runtime      # DAGs    # Errors  Last Runtime    Last Run
-------------------------------------  -----  ---------  --------  ----------  --------------  -------------------
/opt/airflow/dags/metal_price_dags.py                           1           0  2.38s           2025-11-03T04:03:00
================================================================================
[2025-11-03T04:03:44.523+0000] {manager.py:737} INFO - Searching for files in /opt/airflow/dags
[2025-11-03T04:03:44.525+0000] {manager.py:740} INFO - There are 1 files in /opt/airflow/dags
[2025-11-03T04:03:47.563+0000] {manager.py:878} INFO - 
================================================================================
DAG File Processing Stats

File Path                              PID    Runtime      # DAGs    # Errors  Last Runtime    Last Run
-------------------------------------  -----  ---------  --------  ----------  --------------  -------------------
/opt/airflow/dags/metal_price_dags.py                           1           0  0.99s           2025-11-03T04:03:31
================================================================================
[2025-11-03T04:04:15.279+0000] {manager.py:878} INFO - 
================================================================================
DAG File Processing Stats

File Path                              PID    Runtime      # DAGs    # Errors  Last Runtime    Last Run
-------------------------------------  -----  ---------  --------  ----------  --------------  -------------------
/opt/airflow/dags/metal_price_dags.py                           1           0  1.42s           2025-11-03T04:04:03
================================================================================
[2025-11-03T04:04:43.351+0000] {manager.py:878} INFO - 
================================================================================
DAG File Processing Stats

File Path                              PID    Runtime      # DAGs    # Errors  Last Runtime    Last Run
-------------------------------------  -----  ---------  --------  ----------  --------------  -------------------
/opt/airflow/dags/metal_price_dags.py                           1           0  7.42s           2025-11-03T04:04:41
================================================================================
[2025-11-03T04:05:11.121+0000] {manager.py:878} INFO - 
================================================================================
DAG File Processing Stats

File Path                              PID    Runtime      # DAGs    # Errors  Last Runtime    Last Run
-------------------------------------  -----  ---------  --------  ----------  --------------  -------------------
/opt/airflow/dags/metal_price_dags.py                           1           0  7.42s           2025-11-03T04:04:41
================================================================================
[2025-11-03T04:05:39.003+0000] {manager.py:878} INFO - 
================================================================================
DAG File Processing Stats

File Path                              PID    Runtime      # DAGs    # Errors  Last Runtime    Last Run
-------------------------------------  -----  ---------  --------  ----------  --------------  -------------------
/opt/airflow/dags/metal_price_dags.py                           1           0  0.96s           2025-11-03T04:05:13
================================================================================
[2025-11-03T04:06:07.138+0000] {manager.py:878} INFO - 
================================================================================
DAG File Processing Stats

File Path                              PID    Runtime      # DAGs    # Errors  Last Runtime    Last Run
-------------------------------------  -----  ---------  --------  ----------  --------------  -------------------
/opt/airflow/dags/metal_price_dags.py                           1           0  2.06s           2025-11-03T04:06:05
================================================================================
[2025-11-03T04:06:35.063+0000] {manager.py:878} INFO - 
================================================================================
DAG File Processing Stats

File Path                              PID    Runtime      # DAGs    # Errors  Last Runtime    Last Run
-------------------------------------  -----  ---------  --------  ----------  --------------  -------------------
/opt/airflow/dags/metal_price_dags.py                           1           0  2.06s           2025-11-03T04:06:05
================================================================================
[2025-11-03T04:07:02.814+0000] {manager.py:878} INFO - 
================================================================================
DAG File Processing Stats

File Path                              PID    Runtime      # DAGs    # Errors  Last Runtime    Last Run
-------------------------------------  -----  ---------  --------  ----------  --------------  -------------------
/opt/airflow/dags/metal_price_dags.py                           1           0  0.89s           2025-11-03T04:06:36
================================================================================
[2025-11-03T04:07:30.626+0000] {manager.py:878} INFO - 
================================================================================
DAG File Processing Stats

File Path                              PID    Runtime      # DAGs    # Errors  Last Runtime    Last Run
-------------------------------------  -----  ---------  --------  ----------  --------------  -------------------
/opt/airflow/dags/metal_price_dags.py                           1           0  1.14s           2025-11-03T04:07:08
================================================================================
[2025-11-03T04:07:58.506+0000] {manager.py:878} INFO - 
================================================================================
DAG File Processing Stats

File Path                              PID    Runtime      # DAGs    # Errors  Last Runtime    Last Run
-------------------------------------  -----  ---------  --------  ----------  --------------  -------------------
/opt/airflow/dags/metal_price_dags.py                           1           0  1.01s           2025-11-03T04:07:40
================================================================================
[2025-11-03T04:08:26.343+0000] {manager.py:878} INFO - 
================================================================================
DAG File Processing Stats

File Path                              PID    Runtime      # DAGs    # Errors  Last Runtime    Last Run
-------------------------------------  -----  ---------  --------  ----------  --------------  -------------------
/opt/airflow/dags/metal_price_dags.py                           1           0  1.22s           2025-11-03T04:08:12
================================================================================
[2025-11-03T04:08:44.585+0000] {manager.py:737} INFO - Searching for files in /opt/airflow/dags
[2025-11-03T04:08:44.597+0000] {manager.py:740} INFO - There are 1 files in /opt/airflow/dags
[2025-11-03T04:08:54.456+0000] {manager.py:878} INFO - 
================================================================================
DAG File Processing Stats

File Path                              PID    Runtime      # DAGs    # Errors  Last Runtime    Last Run
-------------------------------------  -----  ---------  --------  ----------  --------------  -------------------
/opt/airflow/dags/metal_price_dags.py                           1           0  5.86s           2025-11-03T04:08:49
================================================================================
[2025-11-03T04:09:22.240+0000] {manager.py:878} INFO - 
================================================================================
DAG File Processing Stats

File Path                              PID    Runtime      # DAGs    # Errors  Last Runtime    Last Run
-------------------------------------  -----  ---------  --------  ----------  --------------  -------------------
/opt/airflow/dags/metal_price_dags.py                           1           0  0.66s           2025-11-03T04:09:20
================================================================================
[2025-11-03T04:09:50.103+0000] {manager.py:878} INFO - 
================================================================================
DAG File Processing Stats

File Path                              PID    Runtime      # DAGs    # Errors  Last Runtime    Last Run
-------------------------------------  -----  ---------  --------  ----------  --------------  -------------------
/opt/airflow/dags/metal_price_dags.py                           1           0  0.66s           2025-11-03T04:09:20
================================================================================
[2025-11-03T04:10:17.879+0000] {manager.py:878} INFO - 
================================================================================
DAG File Processing Stats

File Path                              PID    Runtime      # DAGs    # Errors  Last Runtime    Last Run
-------------------------------------  -----  ---------  --------  ----------  --------------  -------------------
/opt/airflow/dags/metal_price_dags.py                           1           0  0.94s           2025-11-03T04:09:52
================================================================================
[2025-11-03T04:10:45.450+0000] {manager.py:878} INFO - 
================================================================================
DAG File Processing Stats

File Path                              PID    Runtime      # DAGs    # Errors  Last Runtime    Last Run
-------------------------------------  -----  ---------  --------  ----------  --------------  -------------------
/opt/airflow/dags/metal_price_dags.py                           1           0  1.06s           2025-11-03T04:10:23
================================================================================
[2025-11-03T04:11:13.247+0000] {manager.py:878} INFO - 
================================================================================
DAG File Processing Stats

File Path                              PID    Runtime      # DAGs    # Errors  Last Runtime    Last Run
-------------------------------------  -----  ---------  --------  ----------  --------------  -------------------
/opt/airflow/dags/metal_price_dags.py                           1           0  0.89s           2025-11-03T04:10:55
================================================================================
[2025-11-03T04:11:41.086+0000] {manager.py:878} INFO - 
================================================================================
DAG File Processing Stats

File Path                              PID    Runtime      # DAGs    # Errors  Last Runtime    Last Run
-------------------------------------  -----  ---------  --------  ----------  --------------  -------------------
/opt/airflow/dags/metal_price_dags.py                           1           0  0.73s           2025-11-03T04:11:27
================================================================================
[2025-11-03T04:12:09.637+0000] {manager.py:878} INFO - 
================================================================================
DAG File Processing Stats

File Path                              PID    Runtime      # DAGs    # Errors  Last Runtime    Last Run
-------------------------------------  -----  ---------  --------  ----------  --------------  -------------------
/opt/airflow/dags/metal_price_dags.py                           1           0  0.66s           2025-11-03T04:11:57
================================================================================
[2025-11-03T04:12:37.445+0000] {manager.py:878} INFO - 
================================================================================
DAG File Processing Stats

File Path                              PID    Runtime      # DAGs    # Errors  Last Runtime    Last Run
-------------------------------------  -----  ---------  --------  ----------  --------------  -------------------
/opt/airflow/dags/metal_price_dags.py                           1           0  0.72s           2025-11-03T04:12:29
================================================================================
[2025-11-03T04:13:05.021+0000] {manager.py:878} INFO - 
================================================================================
DAG File Processing Stats

File Path                              PID    Runtime      # DAGs    # Errors  Last Runtime    Last Run
-------------------------------------  -----  ---------  --------  ----------  --------------  -------------------
/opt/airflow/dags/metal_price_dags.py                           1           0  0.90s           2025-11-03T04:13:00
================================================================================
[2025-11-03T04:13:32.960+0000] {manager.py:878} INFO - 
================================================================================
DAG File Processing Stats

File Path                              PID    Runtime      # DAGs    # Errors  Last Runtime    Last Run
-------------------------------------  -----  ---------  --------  ----------  --------------  -------------------
/opt/airflow/dags/metal_price_dags.py                           1           0  0.70s           2025-11-03T04:13:31
================================================================================
[2025-11-03T04:13:44.712+0000] {manager.py:737} INFO - Searching for files in /opt/airflow/dags
[2025-11-03T04:13:44.714+0000] {manager.py:740} INFO - There are 1 files in /opt/airflow/dags
[2025-11-03T04:14:00.787+0000] {manager.py:878} INFO - 
================================================================================
DAG File Processing Stats

File Path                              PID    Runtime      # DAGs    # Errors  Last Runtime    Last Run
-------------------------------------  -----  ---------  --------  ----------  --------------  -------------------
/opt/airflow/dags/metal_price_dags.py                           1           0  0.70s           2025-11-03T04:13:31
================================================================================
[2025-11-03T04:14:28.764+0000] {manager.py:878} INFO - 
================================================================================
DAG File Processing Stats

File Path                              PID    Runtime      # DAGs    # Errors  Last Runtime    Last Run
-------------------------------------  -----  ---------  --------  ----------  --------------  -------------------
/opt/airflow/dags/metal_price_dags.py                           1           0  1.08s           2025-11-03T04:14:02
================================================================================
[2025-11-03T04:14:56.643+0000] {manager.py:878} INFO - 
================================================================================
DAG File Processing Stats

File Path                              PID    Runtime      # DAGs    # Errors  Last Runtime    Last Run
-------------------------------------  -----  ---------  --------  ----------  --------------  -------------------
/opt/airflow/dags/metal_price_dags.py                           1           0  0.71s           2025-11-03T04:14:34
================================================================================
[2025-11-03T04:15:24.399+0000] {manager.py:878} INFO - 
================================================================================
DAG File Processing Stats

File Path                              PID    Runtime      # DAGs    # Errors  Last Runtime    Last Run
-------------------------------------  -----  ---------  --------  ----------  --------------  -------------------
/opt/airflow/dags/metal_price_dags.py                           1           0  3.15s           2025-11-03T04:15:07
================================================================================
[2025-11-03T04:15:52.384+0000] {manager.py:878} INFO - 
================================================================================
DAG File Processing Stats

File Path                              PID    Runtime      # DAGs    # Errors  Last Runtime    Last Run
-------------------------------------  -----  ---------  --------  ----------  --------------  -------------------
/opt/airflow/dags/metal_price_dags.py                           1           0  0.76s           2025-11-03T04:15:39
================================================================================
[2025-11-03T04:16:20.153+0000] {manager.py:878} INFO - 
================================================================================
DAG File Processing Stats

File Path                              PID    Runtime      # DAGs    # Errors  Last Runtime    Last Run
-------------------------------------  -----  ---------  --------  ----------  --------------  -------------------
/opt/airflow/dags/metal_price_dags.py                           1           0  0.74s           2025-11-03T04:16:10
================================================================================
[2025-11-03T04:16:48.479+0000] {manager.py:878} INFO - 
================================================================================
DAG File Processing Stats

File Path                              PID    Runtime      # DAGs    # Errors  Last Runtime    Last Run
-------------------------------------  -----  ---------  --------  ----------  --------------  -------------------
/opt/airflow/dags/metal_price_dags.py                           1           0  1.82s           2025-11-03T04:16:47
================================================================================
[2025-11-03T04:17:16.348+0000] {manager.py:878} INFO - 
================================================================================
DAG File Processing Stats

File Path                              PID    Runtime      # DAGs    # Errors  Last Runtime    Last Run
-------------------------------------  -----  ---------  --------  ----------  --------------  -------------------
/opt/airflow/dags/metal_price_dags.py                           1           0  1.82s           2025-11-03T04:16:47
================================================================================
[2025-11-03T04:17:43.926+0000] {manager.py:878} INFO - 
================================================================================
DAG File Processing Stats

File Path                              PID    Runtime      # DAGs    # Errors  Last Runtime    Last Run
-------------------------------------  -----  ---------  --------  ----------  --------------  -------------------
/opt/airflow/dags/metal_price_dags.py                           1           0  0.80s           2025-11-03T04:17:19
================================================================================
[2025-11-03T04:18:11.809+0000] {manager.py:878} INFO - 
================================================================================
DAG File Processing Stats

File Path                              PID    Runtime      # DAGs    # Errors  Last Runtime    Last Run
-------------------------------------  -----  ---------  --------  ----------  --------------  -------------------
/opt/airflow/dags/metal_price_dags.py                           1           0  0.68s           2025-11-03T04:17:50
================================================================================
[2025-11-03T04:18:40.967+0000] {manager.py:878} INFO - 
================================================================================
DAG File Processing Stats

File Path                              PID    Runtime      # DAGs    # Errors  Last Runtime    Last Run
-------------------------------------  -----  ---------  --------  ----------  --------------  -------------------
/opt/airflow/dags/metal_price_dags.py                           1           0  0.88s           2025-11-03T04:18:26
================================================================================
[2025-11-03T04:18:45.336+0000] {manager.py:737} INFO - Searching for files in /opt/airflow/dags
[2025-11-03T04:18:45.337+0000] {manager.py:740} INFO - There are 1 files in /opt/airflow/dags
