[2025-11-03T03:45:01.350+0000] {local_task_job_runner.py:120} INFO - ::group::Pre task execution logs
[2025-11-03T03:45:02.338+0000] {taskinstance.py:2073} INFO - Dependencies all met for dep_context=non-requeueable deps ti=<TaskInstance: metal_price_dags.extract_task scheduled__2025-11-03T03:30:00+00:00 [queued]>
[2025-11-03T03:45:02.359+0000] {taskinstance.py:2073} INFO - Dependencies all met for dep_context=requeueable deps ti=<TaskInstance: metal_price_dags.extract_task scheduled__2025-11-03T03:30:00+00:00 [queued]>
[2025-11-03T03:45:02.360+0000] {taskinstance.py:2303} INFO - Starting attempt 1 of 4
[2025-11-03T03:45:02.393+0000] {taskinstance.py:2327} INFO - Executing <Task(PythonOperator): extract_task> on 2025-11-03 03:30:00+00:00
[2025-11-03T03:45:02.442+0000] {standard_task_runner.py:90} INFO - Running: ['***', 'tasks', 'run', 'metal_price_dags', 'extract_task', 'scheduled__2025-11-03T03:30:00+00:00', '--job-id', '13', '--raw', '--subdir', 'DAGS_FOLDER/metal_price_dags.py', '--cfg-path', '/tmp/tmp7x9yqgn7']
[2025-11-03T03:45:02.464+0000] {standard_task_runner.py:91} INFO - Job 13: Subtask extract_task
[2025-11-03T03:45:02.442+0000] {logging_mixin.py:188} WARNING - /home/***/.local/lib/python3.12/site-packages/***/task/task_runner/standard_task_runner.py:61 DeprecationWarning: This process (pid=255) is multi-threaded, use of fork() may lead to deadlocks in the child.
[2025-11-03T03:45:02.466+0000] {standard_task_runner.py:63} INFO - Started process 257 to run task
[2025-11-03T03:45:03.603+0000] {task_command.py:426} INFO - Running <TaskInstance: metal_price_dags.extract_task scheduled__2025-11-03T03:30:00+00:00 [running]> on host f3a030ef18f3
[2025-11-03T03:45:03.765+0000] {taskinstance.py:2644} INFO - Exporting env vars: AIRFLOW_CTX_DAG_OWNER='***' AIRFLOW_CTX_DAG_ID='metal_price_dags' AIRFLOW_CTX_TASK_ID='extract_task' AIRFLOW_CTX_EXECUTION_DATE='2025-11-03T03:30:00+00:00' AIRFLOW_CTX_TRY_NUMBER='1' AIRFLOW_CTX_DAG_RUN_ID='scheduled__2025-11-03T03:30:00+00:00'
[2025-11-03T03:45:03.766+0000] {taskinstance.py:430} INFO - ::endgroup::
[2025-11-03T03:45:03.929+0000] {base.py:84} INFO - Using connection ID 'exchange_rate_api' for task execution.
[2025-11-03T03:45:03.954+0000] {base.py:84} INFO - Using connection ID 'metal_api' for task execution.
[2025-11-03T03:45:03.955+0000] {extract.py:10} INFO - Extracting XAU prices in USD
[2025-11-03T03:45:05.557+0000] {extract.py:22} INFO - Extraction completed
[2025-11-03T03:45:05.558+0000] {python.py:237} INFO - Done. Returned value was: None
[2025-11-03T03:45:05.558+0000] {taskinstance.py:441} INFO - ::group::Post task execution logs
[2025-11-03T03:45:05.579+0000] {taskinstance.py:1205} INFO - Marking task as SUCCESS. dag_id=metal_price_dags, task_id=extract_task, execution_date=20251103T033000, start_date=20251103T034502, end_date=20251103T034505
[2025-11-03T03:45:05.638+0000] {local_task_job_runner.py:240} INFO - Task exited with return code 0
[2025-11-03T03:45:05.676+0000] {taskinstance.py:3482} INFO - 1 downstream tasks scheduled from follow-on schedule check
[2025-11-03T03:45:05.682+0000] {local_task_job_runner.py:222} INFO - ::endgroup::
