[2025-11-03T03:58:09.120+0000] {local_task_job_runner.py:120} INFO - ::group::Pre task execution logs
[2025-11-03T03:58:10.747+0000] {taskinstance.py:2073} INFO - Dependencies all met for dep_context=non-requeueable deps ti=<TaskInstance: metal_price_dags.extract_task manual__2025-11-03T03:58:03.165493+00:00 [queued]>
[2025-11-03T03:58:10.757+0000] {taskinstance.py:2073} INFO - Dependencies all met for dep_context=requeueable deps ti=<TaskInstance: metal_price_dags.extract_task manual__2025-11-03T03:58:03.165493+00:00 [queued]>
[2025-11-03T03:58:10.757+0000] {taskinstance.py:2303} INFO - Starting attempt 1 of 4
[2025-11-03T03:58:10.776+0000] {taskinstance.py:2327} INFO - Executing <Task(PythonOperator): extract_task> on 2025-11-03 03:58:03.165493+00:00
[2025-11-03T03:58:10.791+0000] {logging_mixin.py:188} WARNING - /home/***/.local/lib/python3.12/site-packages/***/task/task_runner/standard_task_runner.py:61 DeprecationWarning: This process (pid=471) is multi-threaded, use of fork() may lead to deadlocks in the child.
[2025-11-03T03:58:10.793+0000] {standard_task_runner.py:63} INFO - Started process 473 to run task
[2025-11-03T03:58:10.791+0000] {standard_task_runner.py:90} INFO - Running: ['***', 'tasks', 'run', 'metal_price_dags', 'extract_task', 'manual__2025-11-03T03:58:03.165493+00:00', '--job-id', '37', '--raw', '--subdir', 'DAGS_FOLDER/metal_price_dags.py', '--cfg-path', '/tmp/tmpiq7ie3gq']
[2025-11-03T03:58:10.796+0000] {standard_task_runner.py:91} INFO - Job 37: Subtask extract_task
[2025-11-03T03:58:11.050+0000] {task_command.py:426} INFO - Running <TaskInstance: metal_price_dags.extract_task manual__2025-11-03T03:58:03.165493+00:00 [running]> on host f3a030ef18f3
[2025-11-03T03:58:11.238+0000] {taskinstance.py:2644} INFO - Exporting env vars: AIRFLOW_CTX_DAG_OWNER='***' AIRFLOW_CTX_DAG_ID='metal_price_dags' AIRFLOW_CTX_TASK_ID='extract_task' AIRFLOW_CTX_EXECUTION_DATE='2025-11-03T03:58:03.165493+00:00' AIRFLOW_CTX_TRY_NUMBER='1' AIRFLOW_CTX_DAG_RUN_ID='manual__2025-11-03T03:58:03.165493+00:00'
[2025-11-03T03:58:11.240+0000] {taskinstance.py:430} INFO - ::endgroup::
[2025-11-03T03:58:10.470+0000] {base.py:84} INFO - Using connection ID 'metal_api' for task execution.
[2025-11-03T03:58:10.521+0000] {base.py:84} INFO - Using connection ID 'exchange_rate_api' for task execution.
[2025-11-03T03:58:10.525+0000] {extract.py:17} INFO - Extracting XAU prices in USD
[2025-11-03T03:58:10.525+0000] {extract.py:18} INFO - Metal API URL: https://www.goldapi.io/api/XAU/USD
[2025-11-03T03:58:10.526+0000] {extract.py:19} INFO - Exchange rate API URL: https://v6.exchangerate-api.com/v6/***/latest/USD
[2025-11-03T03:58:10.865+0000] {python.py:237} INFO - Done. Returned value was: None
[2025-11-03T03:58:10.867+0000] {taskinstance.py:441} INFO - ::group::Post task execution logs
[2025-11-03T03:58:10.886+0000] {taskinstance.py:1205} INFO - Marking task as SUCCESS. dag_id=metal_price_dags, task_id=extract_task, execution_date=20251103T035803, start_date=20251103T035810, end_date=20251103T035810
[2025-11-03T03:58:10.945+0000] {local_task_job_runner.py:240} INFO - Task exited with return code 0
[2025-11-03T03:58:10.992+0000] {taskinstance.py:3482} INFO - 0 downstream tasks scheduled from follow-on schedule check
[2025-11-03T03:58:11.004+0000] {local_task_job_runner.py:222} INFO - ::endgroup::
